// OS Globals
800000e4:OS_CURRENT_THREAD
800030c8:firstRel
800030cc:lastRel

// Automatically generated from spm.eu0.lst
80004000:memcpy
80004104:memset
800293C4:mapDataPtr
803C3B98:mapData
8002C7CC:mobjNameToPtrNoAssert
800325F0:msgSearch
80037D90:swInit
80037E2C:swReInit
80037E90:swSet
80037ED0:swGet
80037F18:swClear
80037F58:swByteSet
80037FDC:swByteGet
80038000:_swSet
80038040:_swGet
80038088:_swClear
800380C8:_swByteSet
800380D8:_swByteGet
8003AA64:windowDispGX2_Waku_col
8005ADEC:dispEntry
80061C60:func_80061d78
800676E0:fadeIsFinish
80073098:iconDispGx
80078A24:itemEntry
803B6978:itemDataTable
803BC5F0:itemEventDataTable
800D89B4:evtGetWork
800D8D58:evtEntry
800D8FC4:evtEntryType
800D9230:evtChildEntry
800D9540:evtBrotherEntry
800D9D58:evtCheckID
800DD6D0:evt_debug_put_msg
800DD704:evt_debug_put_reg
800DE764:evtGetValue
800DEB88:evtSetValue
804C9E30:evt_debug_put_reg_str
800E727C:evt_fade_end_wait
800E8390:evt_fairy_flag_onoff
800EA710:evt_guide_flag2_onoff
800EA818:evt_guide_check_flag0
800EF318:evt_mario_flag8_onoff
800EF4A8:evt_mario_key_off
800EF484:evt_mario_key_on
800EF8A4:evt_mario_get_pos
800F2300:evt_set_gravity
800F3358:evt_mobj_delete
800F87FC:evt_mobj_blk
800FB668:evt_msg_print
800FBA88:evt_msg_continue
800FBB60:evt_msg_select
80109F30:evt_npc_teleport_effect
8010C5E4:evt_seq_set_seq
8010C65C:evt_seq_wait
801214EC:marioGetPtr
8012210C:marioCtrlOffChk
80122120:marioKeyOffChk
8012AA90:marioSetGravity
80146418:func_80146f0c
8014B594:pouchGetPtr
8014C964:pouchGetHp
8014C974:pouchAddHp
8014CA04:pouchGetXp
8014CA14:pouchAddXp
8014D458:pouchRemoveItem
8014E074:pouchRemoveShopItem
8014E828:pouchGetCurPixl
8014EF2C:pouchCountUseItems
8014EFDC:pouchCountKeyItems
8014F084:pouchCountShopItems
8014F12C:pouchCountChars
8014F17C:pouchCountPixls
8017851C:seq_logoMain
8017C198:seq_gameInit
8017B280:seqInit_SPMARIO
8017B2C0:seqMain
8017B3C8:seqSetSeq
8017B3D8:seqGetSeq
804CF360:seqWork
801846E0:pausewinPauseGame
80184824:pausewinUnpauseGame
80195168:charPixlItemWinIsClosed
8019C3D0:irand
8019B6C8:__assert2
8019F22C:fontmgrInit
8019F2E4:FontDrawStart
8019F3C4:FontDrawStart_alpha
8019F49C:FontDrawEdge
8019F4A8:FontDrawEdgeOff
8019F4B4:FontDrawRainbowColor
8019F554:FontDrawRainbowColorOff
8019F55C:FontDrawNoise
8019F668:FontDrawNoiseOff
8019F694:FontDrawColorIDX
8019F72C:FontDrawColor
8019F7C8:FontDrawColor_
8019F850:FontGetDrawColor
8019F858:FontDrawScale
8019F870:FontDrawCode
8019FA88:FontDrawCodeMtx
8019FC48:FontDrawString
8019FC8C:FontDrawStringVecPitch
801A0054:FontDrawStringMtx
801A0454:FontDrawStringCenterMtx
801A0790:FontDrawMessage
801A0FC4:FontDrawMessageMtx
801A174C:hankakuSearch
801A1754:kanjiSearch
801A1758:kanjiGetWidth
801A17D0:FontGetMessageWidthLine
801A1B20:FontGetMessageWidth
801A1B28:HSV2RGB
801A71A4:spmarioInit
801A7738:spmarioMain
801A79A8:spmarioDisp
801A79D0:spmarioSystemLevel
801A7A4C:spmarioGetSystemLevel
801A7A54:viPostCallback
801A7BEC:wiiDvdCheckThread
801A8014:wiiRumbleCheck
8056D198:gp
803E8DC8:seq_data
801A5634:__memAlloc
801A56B8:__memFree
803EAA08:memory_size_table
8056D188:memory_wp
8056D18C:memory_swp
802350B8:wpadGetButtonsHeld
802350E0:wpadGetButtonsPressed
802350F4:wpadGetButtonsHeldRepeat
8023A340:spsndBGMOn
8023BE40:relInit
8023BE50:relMain
8023C00C:isRelLoaded
8056D1C0:relmgr_wp
8056D1C4:relDecompName
8056D1C8:relCompName
802778D4:PSMTXIdentity
8025A848:sprintf
80258024:memmove
8025C0AC:strcpy
8025C228:strcmp
8025C344:strncmp
8025BF34:sscanf
802647C8:strlen
8026D800:DCFlushRange
8026D8B8:ICInvalidateRange
8026E440:OSReport
80270198:OSFatal
802716B8:OSDisableInterrupts
802716E0:OSRestoreInterrupts
802759D4:OSGetTime
8029313C:MEMGetAllocatableSizeForExpHeapEx
80293214:MEMGetSizeForMBlockExpHeap
80296F20:NANDCreateAsync
802970C0:NANDDeleteAsync
802972C0:NANDReadAsync
802973A0:NANDWriteAsync
80297E20:NANDSafeOpenAsync
8029837C:NANDSafeCloseAsync
802992C8:NANDChangeDirAsync
802994DC:NANDGetHomeDir
80299C94:NANDCheckAsync
802DF690:CXGetUncompressedSize
802DF6D0:CXUncompressLZ
802DF804:CXGetCompressionHeader

// new to v2
800E27D8:evt_door_set_door_descs
800E3750:evt_door_set_dokan_descs
800E42E0:evt_door_set_map_door_descs
8019D5B0:OSPanic
801A6B04:romFontPrintGX
801A700C:romFontGetWidth
8056D190:romfont_wp
8056d9e1:spmario_doShutdown
801A8728:DEMOBeforeRender
801A87F0:DEMODoneRender
80235fc8:spsndExit
8026E114:OSDumpContext
8026E758:__OSUnhandledException
804A77D0:__OSUnhandledException_msg1
804A787C:__OSUnhandledException_msg2
804A78E0:__OSUnhandledException_msg3
80270C74:OSGetFontEncode
80271048:OSLoadFont
80271428:OSGetFontTexel
80273778:OSShutdownSystem
80275660:OSSuspendThread
802778D4:PSMTXIdentity
80278610:C_MTXOrtho
80280E0C:VIWaitForRetrace
80281D90:VIFlush
80281F10:VISetBlack
80291698:GXSetProjection
8029594C:IOS_Open
80295B2C:IOS_Close
1,1,52e4:evt_machi_set_elv_descs

// new to v4
80055A0C:camGetPtr
803DBD30:mobj_save_blk_sysevt
80122198:marioKeyOff
801221D0:marioKeyOn
8017A300:_unload
80198660:hudLoadStats
80198CA0:hudHide
8023A34C:spsndBGMOff_f_d
8023C350:nandGetSaveFiles
8023C730:nandUpdateSave
8023c944:nandLoadSave

// new to v6
8007BBB4:itemTypeNameToId
8019E998:fileAllocf
8019ED00:fileFree
8019EED0:fileAsyncf
801A61FC:__dl__FPv
801A6264:parseInit
801A6284:getTag
801A6308:parsePush
801A64BC:parsePop
801A64D4:parsePopNext
801A6508:parseGet1Next
801A6850:parseTagGet1
8023f204:homebuttonMain
8056D1D8:homebuttondrv_wp
80367EF0:pitText
80278F74:DVDConvertPathToEntrynum
8056D2F8:devDiStr
1,1,3be00:evt_dan_read_data
1,6,b48:dan_wp

// new to v8
8002C718:mobjNameToPtr
80042384:animPoseEntry
800432F8:animPoseSetAnim
80045170:animPoseMain
800496B0:animPoseDrawMtx
80049EAC:animPoseRelease
8004A4A4:animPoseAutoRelease
8004C710:animPoseGetAnimBaseDataPtr
80055A20:camGetCurPtr
8005817C:getScreenPoint
8005AACC:caseCheckHitObj
8006F808:hitNameToPtr
8006C39C:hitGrpFlagOn
8006C594:hitGrpFlagOff
8006ED14:hitCheckFilter
8006FECC:hitObjGetPos
80070298:hitGetMapEntryBbox
80077548:itemGetWork
8007D79C:itemCheckForId
8008D1C4:mapGrpFlagOn
8008D590:mapGrpFlagOff
8008E3B0:mapGrpFlag4On
800B4468:func_800b426c
800CD750:func_800cd554
800D2344:evt_snd_bgmon
800D391C:func_800d36f4
800D3A00:evt_sub_intpl_msec_init
800D3AA0:evt_sub_intpl_msec_get_value
800D42CC:evt_sub_random
800D500C:func_800d4de4
800D76C8:func_800d74a0
800DDF2C:evtmgrCmd
800DF3CC:evtSetFloat
800D8CFC:evtmgrReInit
800E13A8:evt_door_wait_flag
800E1378:evtDoorGetActiveDoorDesc
800E27D8:evt_door_set_door_descs
800E3750:evt_door_set_dokan_descs
800E42E0:evt_door_set_map_door_descs
800E44D0:evt_door_enable_disable_map_door_desc
803D3370:evt_door_dan_dokan
803DA908:door_init_evt
8056D040:evt_door_wp
800EB5C0:evt_hitobj_attr_onoff
800EDDB8:evt_mapobj_flag_onoff
800EDE80:evt_mapobj_flag4_onoff
800ED554:evt_mapobj_trans
800ED9E8:evt_mapobj_color
800F355C:evt_mobj_flag_onoff
800F56F8:evt_mobj_zyo
800F5DCC:evt_mobj_thako
800F6060:evt_mobj_kan
800F6230:evt_mobj_arrow
800FD870:evt_npc_set_position
8010257C:evt_npc_entry
80102674:func_80103054
80102728:evt_npc_set_anim
80103CB4:func_80104694
80102CAC:evt_npc_flag8_onoff
80102FD8:evt_npc_animflag_onoff
801042B4:evt_npc_set_property
801045CC:evt_npc_modify_part
801046AC:evt_npc_get_property
80104FF0:func_801059d0
80105D44:evt_npc_entry_from_template
8010731C:func_80107cfc
80107340:func_80107d20
801077B4:func_80108194
801112D8:evt_shop_set_defs
8014CB04:pouchAddItem
8014D100:pouchCheckHaveItem
8017AFA0:getNextDanMapName
80183F2C:pausewinEntry
8018439C:pausewinMoveTo
801843EC:pausewinAppear
80184424:pausewinDisappear
8018445C:pausewinDelete
8018781C:pausewinSetMessage
80189004:pluswinChapterWinOpen
8056D110:pausewin_pluswinWp
8056d950:pausewin_wp
80198E94:hudStartCountdown
8019C2CC:rand
8019D208:DVDMgrOpen
8019D360:DVDMgrRead
8019D554:DVDMgrClose
8019D594:DVDMgrGetLength
801A2B7C:gxsubInit_Tpl
801A2CBC:gxsubDrawTextureMtx
801A2FF0:gxsubDrawTexture
801A3360:gxsubGetTexWidth
801A33B8:gxsubGetTexHeight
801A3410:gxsubEnableTexAlpha
801A3420:gxsubInit
801A3534:gxsubInit_Cam
801A3568:gxsubInit_Colour
801A36A0:gxsubDrawQuad
801A386C:gxsubDrawQuadMtx
801A3A40:gxsubDrawQuadGradient
801A3C58:gxsubDrawLineSquare
801A3E4C:gxsubDrawLineSquareMtx
801A406C:gxsubDrawDottedLine
801A44FC:gxsubDrawLine
801A46A8:gxsubDrawSphere
801ad08c:npcDispMain
801B5EE4:npcNameToPtr
801BEBC8:npcSearchAnimDefs
801C88E8:npcGetWorkPtr
801e2248:npcDropItem
803FC290:npcTribes
80409BE8:npcEnemyTemplates
80253854:__div2i
8025A6F0:vsprintf
8025A770:snprintf
8025A848:sprintf
8025C3B4:strstr
8025C16C:strncpy
8025C384:strchr
80261650:cos
80261A5C:sin
802723CC:OSLink
80277E18:PSMTXTrans
80277E4C:PSMTXTransApply
80277E98:PSMTXScale
80277EC0:PSMTXScaleApply
8028B638:GXSetVtxDesc
8028BEC8:GXClearVtxDesc
8028BEFC:GXSetVtxAttrFmt
8028C838:GXSetNumTexGens
8028D3B4:GXBegin
8028D67C:GXSetCullMode
8028E778:GXSetNumChans
8028E79C:GXSetChanCtrl
8028FE58:GXSetTevOp
80290294:GXSetAlphaCompare
80290358:GXSetTevOrder
802904B4:GXSetNumTevStages
802904D8:GXSetFog
80290828:GXSetBlendMode
802908D0:GXSetZMode
80290904:GXSetZCompLoc
80291788:GXLoadPosMtxImm
80291830:GXSetCurrentMtx
802680F0:EXIImm
80268508:EXISync
80268808:__EXIProbe
80268B58:EXISelect
80268C88:EXIDeselect
802692EC:EXILock
802693E8:EXIUnlock
802694E8:EXIGetID
804F4ED0:Ecb
802E01E4:TPLBind
800d499c:evt_sub_get_entername
800D9B14:evtDelete
800D8ADC:make_jump_table
80261BB8:pow
800FEAC4:evt_npc_set_color
800FEBF8:evt_npc_set_colorcopy
800FED48:evt_npc_set_colorcopytwo
801083B8:evt_npc_set_part_attack_power
800E39CC:evt_door_enable_disable_dokan_desc
800EAAE8:evt_hitobj_onoff
800ECB18:evt_item_entry
1,1,3c0d8:evt_dan_handle_map_parts
1,1,3c398:evt_dan_handle_dokans
1,1,3c5ec:evt_dan_handle_doors
1,1,3ca0c:evt_dan_get_door_names
1,1,3ca74:evt_dan_get_exit_door_name_l
1,1,3caac:evt_dan_get_enemy_info
1,1,3cc88:evt_dan_make_spawn_table
1,1,3d190:evt_dan_get_enemy_spawn_pos
1,1,3d38c:evt_dan_decide_key_enemy
1,1,3d438:danCountdownDone
1,1,3d448:evt_dan_start_countdown
1,1,3d478:danCheckKeyInMapBbox
1,1,3d568:danCheckEnemyInMapBbox
1,1,3d694:evt_dan_handle_key_failsafe
1,1,3d7cc:evt_dan_handle_chest_room_dokans_and_doors
1,1,3d878:evt_dan_get_chest_room_item
1,1,3d8e0:evt_dan_boss_room_set_door_name
1,1,3d91c:func_80c839cc
1,1,3d98c:wracktailDispCb
1,1,3db54:evt_dan_set_wracktail_disp_cb
1,1,3db98:func_80c83c48
1,1,3dbe8:screenBlinkDisp
1,1,3de78:evt_dan_screen_blink
1,1,3debc:func_80c83f6c
1,5,1595b0:danMapParts
1,5,1595f0:danDokanDescs
1,5,1596f0:danMapDoorDescs
1,5,159730:danFlipsideLockItems
1,5,159738:danFlopsideLockItems
1,5,159740:dan_lock_interact_evt
1,5,159818:dan_lock_open_evt
1,5,159850:dan_enemy_room_init_evt
1,5,159c18:danChestRoomDokanDesc
1,5,159c38:danChestRoomMapDoorDescs
1,5,159c78:dan_exit_pipe_sign_interact_evt
1,5,159cb0:dan_chest_open_evt
1,5,159de8:dan_rotenShopItems
1,5,159f00:rotenShopDef
1,5,159f18:rotenTribeAnimDefs
1,5,159f58:dan_chest_room_init_evt
1,5,15a7a0:dan_30_map_door_desc
1,5,15a7c0:dan_30_dokan_desc
1,5,15a7e0:dan_70_dokan_desc
1,5,15a800:dan_30_init_evt
1,5,15aa30:dan_70_init_evt
1,5,15ac60:dashellTribeAnimDefs
1,5,15ac88:dan_30_chest_interact_evt
1,5,15ada0:dan_30_chest_open_evt
1,5,15b9a8:wracktailTribeAnimDefs
1,5,15b9f0:dan_wracktail_main_evt
1,5,15ced8:dan_start_wracktail_evt
1,5,15cfb8:dan_70_mario_chest_open_evt
1,5,15d040:dan_70_dark_mario_chest_open_evt
1,5,15d0c8:dan_70_peach_chest_open_evt
1,5,15d150:dan_70_dark_peach_chest_open_evt
1,5,15d1d8:dan_70_bowser_chest_open_evt
1,5,15d260:dan_70_dark_bowser_chest_open_evt
1,5,15d2e8:dan_70_luigi_chest_open_evt
1,5,15d370:dan_70_dark_luigi_chest_open_evt
1,5,15d3f8:dan_shadoo_main_evt
1,5,15dc40:dan_shadoo_fight_evt
1,5,15e280:dan_shadoo_defeat_evt
1,5,15e384:dan_70_reward_appear_evt
1,5,15ef00:dan_start_shadoo_evt
1,5,d1938:sammerDefsCh6
1,5,d1de8:sammerDefsEndgame

// new to v9
80142910:marioChgMot
800677D0:fadeSetMapChangeTransition
8023ABBC:spsndCheckBgmPlaying

// new to SPM-RPG-Battles
1,1,26cc4:rpgHandleMenu
801B601C:npcDelete
1,1,2cf78:evt_rpg_add_xp
800FC9F0:evt_msg_fmt_str
800D34CC:evt_snd_sfx_wait
1,1,2cff0:evt_rpg_get_item_msg
8010BE74:evt_pouch_add_attack
8010BC84:evt_pouch_get_hp
1,1,2ceb0:evt_rpg_calc_item_stats
1,1,2c814:evt_rpg_calc_mario_damage
1,1,2cc78:evt_rpg_wakeup_check
1,1,295bc:evt_rpg_underchomp_name_grab
1,1,2cdcc:evt_rpg_effects_handle
1,1,2cadc:evt_rpg_menu_effects_handler
1,1,2c8a0:evt_rpg_mario_take_damage
8010BCD0:evt_pouch_add_hp
1,1,2c710:evt_rpg_enemy_take_damage
1,1,2c938:evt_rpg_point_calculation
1,1,2cfb8:evt_rpg_point_handling
8010BDC8:evt_pouch_add_xp
8010BD7C:evt_pouch_get_xp
8010C3C0:evt_pouch_get_next_level_xp
8010C344:evt_pouch_get_level
8010C390:evt_pouch_set_level
8010BD00:evt_pouch_get_max_hp
8010BD4C:evt_pouch_set_max_hp
8010BE28:evt_pouch_get_attack
8010BDF8:evt_pouch_set_attack
8010BC54:evt_pouch_set_hp
8010BF80:evt_pouch_check_have_item
8010BFD4:evt_pouch_remove_item
800D2B24:evt_snd_sfxon_character
800D4B88:evt_sub_get_language
8012994C:marioCalcDamageToEnemy
800CC218:effNiceEntry
800F21A0:evt_mario_fairy_reset
800D2420:evt_snd_bgmoff_f_d
800EF7E0:evt_mario_set_pos
800F02C4:evt_mario_pos_change
800EFBE0:evt_mario_direction_face
800D2BF4:evt_snd_sfxon_3d
800DFFD8:evt_cam_shake
8010B4A0:evt_npc_tribe_agb_async
800EFB80:evt_mario_direction_reset
800D319C:evt_snd_sfxoff
801034C8:evt_npc_set_unitwork
800E06CC:evt_cam_look_at_door
1,1,31928:evt_an_remove_npcs
800DD288:evt_inline_evt
80129C24:marioTakeDamage
1,5,fcf54:begin_rpg_parent_evt
800D3258:evt_snd_get_last_sfx_id
800D31CC:evt_snd_sfx_fadeout
1,1,29620:evt_rpg_calc_damage_to_enemy
1,1,2c998:evt_rpg_char_death_check
1,1,2ca30:evt_rpg_status_remove
1,5,f9100:rpg_snd_miss_evt
1,5,f90b4:rpg_snd_hit_evt
800EF760:evt_mario_get_character
800D2A28:evt_snd_sfxon
800FB914:evt_msg_print_add_insert
800EF7B0:evt_mario_set_character
800D350C:evt_snd_sfx_wait_name
1,1,29554:evt_rpg_char_get
1,5,f91c8:rpg_attacking_evt
1,5,f9620:rpg_use_pixls_evt
1,5,fa148:rpg_use_items_evt
1,5,fb560:rpg_run_away_evt
1,5,fc138:rpg_check_win_or_continue_evt
1,5,fbdf8:underchomp_attack_3_evt
1,5,fbab8:underchomp_attack_2_evt
1,5,fb778:underchomp_attack_1_evt
800D368C:evt_snd_envon_f
800D2388:evt_snd_bgmon_f_d
800D23F4:evt_snd_bgmoff
800F17AC:evt_mario_set_pose
1,1,27bf4:evt_rpg_change_menu_flag
800E7358:evt_fade_callfade
1,1,27c0c:evt_rpg_choice_handler
1,1,2c9f8:evt_rpg_effect_check
1,1,278fc:evt_rpg_npctribe_handle
800D36E0:evt_snd_string_call
800EC758:evt_img_release
800EC7B4:evt_img_wait_animend
800EC674:evt_img_free_capture
800EC380:evt_img_alloc_capture
800EC2EC:evt_img_set_paper_anim
800EC240:evt_img_set_paper
800EC15C:evt_img_entry
8010BC1C:evt_paper_delete
8010BBBC:evt_paper_entry
800EE3F0:evt_mapdisp_onoff
1,5,fced8:final_rpg_child_evt
800E0FCC:evt_exit_case_evt
800E0FF4:evt_del_case_evt
1,1,3183c:evt_an_darkness_onoff
800EDB6C:evt_map_checkanim
800EDAC4:evt_map_playanim
800E0600:evt_cam_zoom_to_coords
800E4790:evt_door_set_event
1,1,2d070:evt_an2_08_draw_face
800FB878:evt_msg_print_add
800EFECC:evt_mario_face_coords
800FBC40:evt_msg_toge
8010C5B8:evt_pouch_increment_enemies_defeated
800D4900:evt_sub_set_game_speed
800E00F0:evt_cam3d_evt_zoom_in
800EE058:evt_mapobj_get_position
800E6708:evt_env_blur_on
801024D8:evt_npc_stats_set_up
80106B60:evt_npc_id_to_name
800E71CC:evt_fade_entry
80056948:cam3dMain
804C8580:camPtrTbl
801797CC:seq_mapChangeMain
800250EC:getItemUseEvt
8002F240:msgUnLoad
8002F014:msgLoad
1,1,27204:rpg_screen_draw
1,1,31620:evt_an_init_tpl
800FD778:evt_npc_get_position
1,5,a8cac:mr_l_appear_evt
1,5,a9628:brobot_appear_evt
80238AF4:spsndSFXOn
800D2F00:evt_snd_sfxon_3d_player_character
800D2D1C:evt_snd_sfxon_npc
800D2D8C:evt_snd_sfxon_npc_delay
800E67A0:evt_env_static_blur_on
1,1,166e4:func_80c5c36c
80102A30:func_80103410
800E62C4:evt_eff_softdelete
800F2CB8:evt_mario_set_anim_change_handler
800FF22C:evt_npc_walk_to
800E5938:evt_eff
801071EC:evt_npc_set_camid
800FDF80:func_800fe92c
800FDCBC:evt_npc_rotate
1,5,a8788:spMrLTribeAnimDefs
1,5,a8910:spTheGreenThunderTribeAnimDefs
1,1,164c8:spReturnAngryAnimPos
1,5,a8870:spMrLTauntTribeAnimDefs
1,1,1667c:func_80c5c304
1,5,a8780:spMrLStartTribeAnimDefs
800F1818:evt_mario_wait_anim
800FFB14:evt_npc_jump_to
1,1,2c998:evt_rpg_enemy_death_check
1,5,aa450:evt_door_openable_onoff
1,6,920:rpgdrv_wp
1,1,26c80:func_80c6c908
8014E58C:pouchGetPixlInfo
8019C100:qqsort
8014E4A4:pouchGetCharInfo
1,5,f8f90:lbl_80def2c8

// new to SPM-RPG-Battles V2
800DFB78:evt_ac_entry
800DFBD0:evt_ac_return_results
800DFC7C:evt_ac_delete
8003ED2C:acMain
8003F270:acEntry
8003F4C0:acReturnResults
8003F4C8:acDelete
8028EA24:GXInitTexObj
8028EC78:GXInitTexObjLOD
802E0318:TPLGetGXTexObjFromPalette
800725F8:iconEntry
80073868:iconGX
800720DC:iconMain
8004454C:animPoseGetLoopTimes
800BCA24:damageEffect
800B5B34:effMapBlockDelEntry
800C1F5C:effSmallStarEntry
800DEF88:evtGetFloat
800E7580:evt_fairy_all_enter_run_mode1
800E75D4:evt_fairy_all_enter_run_mode2
800E7F04:evt_fairy_fly_to
800E8660:evt_fairy_reset
800E8858:evt_fairy_set_anim
800E88C4:evt_fairy_wait_anim_end
800F0BB0:evt_mario_jump_to
804A2EE8:evt_memcard_save
800F39E8:evt_mobj_set_rotation
800F38E0:evt_mobj_set_scale
801093C0:evt_npc_set_disp_callback
80109A38:evt_npc_wait_for
8010BF50:evt_pouch_add_item
8010C11C:evt_pouch_set_pixl_selected
801059B0:evt_read_setup_file
8002EC64:func_8002ed80
8002EC74:func_8002ed90
800D88D0:func_800d8700
800F0FF4:func_800f119c
800F18A4:func_800f1a4c
801EF400:func_801f0d30
801EFF50:func_801f1880
801F1184:func_801f2af8
8006B9A8:hitDelete
8056CFF0:icondrv_wp
8018055C:levelUpWindowMain
80108F20:marioLuigiNpcDispCb
8002C8E8:mobjCalcMtx
8002B548:mobjDelete
8002B274:mobjEntry
8002EA1C:mobjGetModelName
8002D524:mobjHitOff
8002C864:mobjRunEvent
8002B610:mobjSetPosition
801B53E8:npcEntry
8056D1A8:npcdrv_wp
80109340:oChunksNpcDispCb
8014EE84:pouchSetEnemiesDefeated
803C78B8:acdrv_acDefs
80072B30:iconDelete
80072BC4:iconDisp
800746FC:iconFlagOn
80074578:iconNameToPtr
803BD150:item_data_map_darken_evt
803BD1C8:item_data_map_lighten_evt
1,1,27044:func_80c6cccc
8056CF20:item_event_data_wp
80131058:marioGetHitboxWidth

// new to Super Duper Paper Mario 
8010BE90:evt_offscreen_entry
8010BEC0:evt_offscreen_delete
8010BEF0:evt_offscreen_get_boundingbox2
801C3A7C:npcGetFrameBoundingBox
800E89D0:evt_frame_offscreen_draw_flag_onoff
800E8A4C:evt_frame_offscreen_entry
800E8B50:evt_frame_bind_offscreen
800E8BD4:evt_frame_set_img_anim
800E8C30:evt_frame_set_color
800E8D64:evt_frame_wire_entry
800E8E4C:evt_frame_wire_wait_draw_finished
800E8E88:evt_frame_set_draw_speed
800E8F14:evt_frame_set_wire_color
800E8FA8:evt_frame_set_wire_line_width
800E9010:evt_frame_set_wire_draw_rotation
800E90C8:evt_frame_evt_entry
800E91A8:evt_frame_set_rotation
800353BC:offscreenSetEntryType
800B3210:effHappyFlower
800E7668:evt_fairy_set_pos
8010C6AC:evt_frame_delete
800E7388:evt_seq_mapchange
800E89A0:evt_set_transition
80125EE4:marioChgPaper
801262EC:marioGetScreenPos
8012612C:marioPaperOff
80126050:marioPaperOn
80109020:peachNpcDispCb
1,1,24c58:evt_npc_sammer_display_count
1,1,38910:evt_bos_01_pure_heart_set_pos

// new to rld3 v1
8025C1B0:strcat
80295CD4:IOS_Read
802961FC:IOS_Ioctl
80292FC0:MEMAllocFromExpHeapEx
8027343c:__OSReboot
8026ebc8:Run
8056db90:SaveStart
8056db94:SaveEnd

// too lazy to put this anywhere else lmao i have a lot of ports to do 
8014C9C0:pouchSetMaxHp
8014C920:pouchSetHp
8014C6C8:pouchSetLevel
8014C8A0:pouchSetAttack
8014CA54:pouchSetCoin
803D500C:evt_door_dan_dokan_left_one
803D50D8:evt_door_dan_dokan_left_two
803D5128:evt_door_dan_dokan_left_three
803D51E0:evt_door_dan_dokan_left_four
803D5678:evt_door_dan_dokan_right_one
803D57AC:evt_door_dan_dokan_right_two
803D57FC:evt_door_dan_dokan_right_three
803D58B4:evt_door_dan_dokan_right_four
1,5,1534f8:aa1_01_mario_house_transition_evt
80442A60:kameks_unk7
804432EC:dark_broom_kamek_unk7
8049B6DC:skellobits_unk7
8049B4C0:skellobits_unk2
8049BA4C:skellobits_unk8
800FFD50:evt_npc_arc_to
80101B94:evt_npc_glide_to
801033DC:evt_npc_get_unitwork
801034C8:evt_npc_set_unitwork
800D8ADC:make_jump_table
8010241C:evt_npc_set_hp
8010229C:evt_npc_get_hp
8010235C:evt_npc_get_max_hp
800d9b14:evtDelete
8041BC28:superDimentioHeadDefenses
8041BC40:superDimentioBodyDefenses
800d8cfc:evtmgrReInit
803E71D8:marioMotTbl
803E26F0:saffronCookingScript
804CEA28:marioStatusApplyStatuses
803BFB70:default_item_use_evt
80107D1C:evt_npc_get_active_count
80102218:evt_npc_restart_evt_id
800FEF4C:func_800ff8f8
80107258:func_80107c38
80104B70:evt_npc_wait_flip_finished
80104BC4:evt_npc_finish_flip_instant
80104D28:evt_npc_flip_to
80104D88:evt_npc_flip
801E41A0:npc_dimeen_l_determine_move_pos
80417470:dimen_unk_fight_script_1
804174C0:dimen_unk_fight_script_2
80419300:dimen_unk_fight_script_3
8019B804:distABf
801046AC:evt_npc_get_property
8021BA80:ninjoe_bomb_calc_chance
801CA9EC:npcDamageMario
8056CFF0:icondrv_wp
804A2EE8:evt_memcard_save
8012A5BC:marioSetInvincibility
800FBB60:evt_msg_select
80104F44:evt_npc_get_axis_movement_unit
80102488:evt_npc_delete
800F015C:evt_mario_walk_to
800EFE10:evt_mario_face_npc
800E63CC:evt_eff_fukidashi
8010BED4:evt_pouch_get_coins
8010BF20:evt_pouch_add_coins
800D4F58:evt_sub_hud_configure
8010C750:evt_shop_wait_coin_sfx
80104FF0:evt_npc_set_axis_movement_unit

// Autogenerated Pit Rando beta v2 LST port
8019B804:distABf
803C65B8:msgdrv_msgIcon
80044B74:animPoseSetMaterialEvtColor
80044700:animPoseSetMaterialFlagOff
8004461C:animPoseSetMaterialFlagOn
80122094:marioChkKey
80261724:floor
801B5F8C:npcNameToPtr_NoAssert
8003C78C:winMgrSelect
8003C7F0:winMgrSelectDelete
8003BB5C:winMgrSelectEntry
801CA9EC:npcDamageMario
800FAE94:_evt_msg_print
801C13D8:npcGetPartById
80278B60:PSVECSquareDistance
800FD4E8:evtNpcNameToPtr
80044FC0:animPoseSetDispCallback2
80154448:marioStatusApplyStatuses
8056D0C8:seq_mapchange_wp
8007F0C4:mapGetWork
801C88D4:npcGetTribe
804D0970:pausewinCardDescBuf
8056D1E0:search_wp
801C714C:npcHandleHitXp
801C5568:npcTakeDamage
800326C8:msgSearchNoFallback
802438DC:searchGetNpcMsg
8004C400:animGroupBaseAsync
8018793C:pausewinSetMessageCard
80081748:mapLoad
8016118C:onHpEquals0
80187D78:pluswinKeyItemMain
804729E8:npc_tile_common_onspawn_evt
804530EC:goomba_unk2_child
8021BA80:ninjoe_bomb_thing
80110934:evt_shop_build_flimm_pit_item_tables
803BFB70:default_item_use_evt
80143E3C:func_80144908
801E41A0:dimen_determine_move_pos
800FE584:evt_npc_set_scale
80102A30:evt_npc_wait_anim_end
800D4934:evt_sub_get_mapname
80107340:evt_npc_unfreeze_all
800EFB38:evt_mario_get_height
800D46D8:evt_key_get_button
800F2718:evt_mario_take_damage
800DFF58:evt_cam_get_pos
800D7B58:evt_sub_item_select_menu
8010999C:evt_npc_set_animpose_disp_callback
8010731C:evt_npc_freeze_all
800D391C:evt_snd_set_sfx_reverb_mode
800D76C8:evt_sub_display_room_name
800F3388:evt_mobj_exec_cancel
8010235C:evt_npc_get_max_hp
80102674:evt_npc_add_flip_part
80103CB4:evt_npc_set_move_mode
803CB1A8:whacka_defenses
803CB1C8:whacka_anim_defs
800ECD6C:evt_item_flag_onoff
800ECFC0:evt_item_wait_collected
800D4424:evt_sub_get_dist
80103D14:evt_npc_get_damage_type
80102218:func_80102bf8
800EA91C:evt_guide_get_can_search
800F3B84:evt_mobj_wait_animation_end
800F3734:evt_mobj_get_position
800F3AF0:evt_mobj_set_anim
800FB6EC:evt_msg_print_insert
800ED844:evt_map_set_blend
800D2E28:evt_snd_sfxon_3d_player
800D26E0:evt_snd_get_bgm_wait_time
800F37D8:evt_mobj_set_position
800F3400:evt_mobj_hit_onoff
800E03C8:func_800e01f8
800EB2EC:evt_hit_bind_mapobj
800EB394:evt_hit_bind_update
8010BEA4:evt_pouch_set_coins
80107258:func_80107c38
80104D28:evt_npc_flip_to
80104BC4:evt_npc_finish_flip_instant
800FEF4C:func_800ff8f8
80104D88:evt_npc_flip
80104B70:evt_npc_wait_flip_finished
800E72D8:evt_fade_set_center_pos
800F30B4:evt_mario_check_3d
1,1,c7e0:mi4MimiHolographicEffect
8012A624:marioCheck3d
803FA1D8:npc_drop_item_evt
801FDCB4:lakitu_spawn_spiny
8021F1D4:backCursyaHit
8043D688:lakitu_onspawn_child
8010B420:evt_npc_agb_async
801FDF38:lakitu_count_spinies
8019933c:hudDisp
8023821C:__spsndSFXOn
80238C9C:spsndSFXOn_3D
800942B4:effSpmHitEntry
8019B684:getSpmarioDVDRoot
80238B0C:spsndSFXOnVol
8017AFA0:getDanMapName
801B0ACC:func_801b19e4
8010C230:evt_pouch_check_free_use_item
// 2023-09-02
80295834:IOS_OpenAsync
80295A6C:IOS_CloseAsync
80295BD4:IOS_ReadAsync
80295DDC:IOS_WriteAsync
80295EDC:IOS_Write
80295FE4:IOS_SeekAsync
80296710:iosCreateHeap
802960C4:IOS_IoctlAsync
80296468:IOS_IoctlvAsync
8029654C:IOS_Ioctlv
80296840:iosAlloc
8056DA70:errno
80274EA0:OSCreateThread
80274E64:OSYieldThread
802753C8:OSResumeThread
80258148:memcmp

// new to v10
8017c500:loadMain
8056d0f0:seq_load_sub_wp
8056d1d0:nandmgr_wp
80238af4:spsndSFXOn

// 2025-09-27
800677B8:fadeGetMapChangeInTransition
800677C4:fadeGetMapChangeOutTransition
800677E4:fadeGetFadeOutLength
800677F0:fadeGetFadeInLength
800677FC:fadeSetTransitionLengths
8056d848:fadedrv_wp
