// OS Globals
800000e4:currentThread
800030c8:firstRel
800030cc:lastRel

// Automatically generated from spm.eu0.lst 
80004000:memcpy
80004104:memset
800293C4:mapDataPtr
80398E18:mapDataList
8002C7CC:mobjNameToPtrNoAssert
800325F0:msgSearch
80037D90:swInit
80037E2C:swReInit
80037E90:swSet
80037ED0:swGet
80037F18:swClear
80037F58:swByteSet
80037FDC:swByteGet
80038000:_swSet
80038040:_swGet
80038088:_swClear
800380C8:_swByteSet
800380D8:_swByteGet
8003AA64:windowDispGX2_Waku_col
8005ADEC:dispEntry
80061C60:func_80061d78
800676E0:fadeIsFinish
80073098:iconDispGx
80078A24:itemEntry
8038BBF8:itemDataTable
80391870:itemEventDataTable
800D89B4:evtGetWork
800D8D58:evtEntry
800D8FC4:evtEntryType
800D9230:evtChildEntry
800D9540:evtBrotherEntry
800D9D58:evtCheckID
800DD6D0:evt_debug_put_msg
800DD704:evt_debug_put_reg
800DE764:evtGetValue
800DEB88:evtSetValue
8049F130:evt_debug_put_reg_str
800E727C:evt_fade_end_wait
800E8390:evt_fairy_flag_onoff
800EA710:evt_guide_flag2_onoff
800EA818:evt_guide_check_flag0
800EF318:evt_mario_flag8_onoff
800EF4A8:evt_mario_key_off
800EF484:evt_mario_key_on
800EF8A4:evt_mario_get_pos
800F2300:evt_set_gravity
800F3358:evt_mobj_delete
800F87FC:evt_mobj_blk
800FB668:evt_msg_print
800FBA88:evt_msg_continue
80109F30:evt_npc_teleport_effect
8010C5E4:evt_seq_set_seq
8010C65C:evt_seq_wait
801214EC:marioGetPtr
8012210C:marioCtrlOffChk
80122120:marioKeyOffChk
8012AA90:marioSetGravity
80146418:func_80146f0c
8014B594:pouchGetPtr
8014C964:pouchGetHp
8014C974:pouchAddHp
8014CA04:pouchGetXp
8014CA14:pouchAddXp
8014D458:pouchRemoveItem
8014E074:pouchRemoveShopItem
8014E828:pouchGetCurPixl
8014EF2C:pouchCountUseItems
8014EFDC:pouchCountKeyItems
8014F084:pouchCountShopItems
8014F12C:pouchCountChars
8014F17C:pouchCountPixls
8017850C:seq_logoMain
8017C188:seq_gameInit
8017B270:seqInit_SPMARIO
8017B2B0:seqMain
8017B3B8:seqSetSeq
8017B3C8:seqGetSeq
804A4660:seqWork
801846D0:pausewinPauseGame
80184814:pausewinUnpauseGame
80195158:charPixlItemWinIsClosed
8019C3C0:irand
8019B6B8:__assert2
8019F21C:fontmgrInit
8019F2D4:FontDrawStart
8019F3B4:FontDrawStart_alpha
8019F48C:FontDrawEdge
8019F498:FontDrawEdgeOff
8019F4A4:FontDrawRainbowColor
8019F544:FontDrawRainbowColorOff
8019F54C:FontDrawNoise
8019F658:FontDrawNoiseOff
8019F684:FontDrawColorIDX
8019F71C:FontDrawColor
8019F7B8:FontDrawColor_
8019F840:FontGetDrawColor
8019F848:FontDrawScale
8019F860:FontDrawCode
8019FA78:FontDrawCodeMtx
8019FC38:FontDrawString
8019FC7C:FontDrawStringVecPitch
801A0044:FontDrawStringMtx
801A0444:FontDrawStringCenterMtx
801A0780:FontDrawMessage
801A0FB4:FontDrawMessageMtx
801A173C:hankakuSearch
801A1744:kanjiSearch
801A1748:kanjiGetWidth
801A17C0:FontGetMessageWidthLine
801A1B10:FontGetMessageWidth
801A1B18:HSV2RGB
801A714C:spmarioInit
801A76E0:spmarioMain
801A7950:spmarioDisp
801A7978:spmarioSystemLevel
801A79F4:spmarioGetSystemLevel
801A79FC:viPostCallback
801A7B94:wiiDvdCheckThread
801A7FBC:wiiRumbleCheck
80542498:gp
803BE018:seq_data
801A5624:__memAlloc
801A56A8:__memFree
803BFC68:size_table
80542488:memoryWp
8054248C:memorySwp
80235060:wpadGetButtonsHeld
80235088:wpadGetButtonsPressed
8023509C:wpadGetButtonsHeldRepeat
8023A2E8:spsndBGMOn
8023BDE8:relInit
8023BDF8:loadRel
8023BFB4:isRelLoaded
805424C0:relmgr_wp
805424C4:relDecompName
805424C8:relCompName
80277884:PSMTXIdentity
8025A7F0:sprintf
80257FCC:memmove
8025C054:strcpy
8025C1D0:strcmp
8025C2EC:strncmp
8025BEDC:sscanf
80264770:strlen
8026D7B0:DCFlushRange
8026D868:ICInvalidateRange
8026E3F0:OSReport
80270148:OSFatal
80271668:OSDisableInterrupts
80271690:OSRestoreInterrupts
80275984:OSGetTime
802930EC:MEMGetAllocatableSizeForExpHeapEx
802931C4:MEMGetSizeForMBlockExpHeap
80296ED0:NANDCreateAsync
80297070:NANDDeleteAsync
80297270:NANDReadAsync
80297350:NANDWriteAsync
80297DD0:NANDSafeOpenAsync
8029832C:NANDSafeCloseAsync
80299278:NANDChangeDirAsync
8029948C:NANDGetHomeDir
80299C44:NANDCheckAsync
802DF640:CXGetUncompressedSize
802DF680:CXUncompressLZ
802DF7B4:CXGetCompressionHeader

// new to v2
800E27D8:evt_door_set_door_descs
800E3750:evt_door_set_dokan_descs
800E42E0:evt_door_set_map_door_descs
8019D5A0:OSPanic
801A6AAC:romFontPrintGX
801A6FB4:romFontGetWidth
80542490:romfont_wp
80542ce1:spmario_doShutdown
801A86D0:DEMOBeforeRender
801A8798:DEMODoneRender
80235f70:spsndExit
8026E0C4:OSDumpContext
8026E708:__OSUnhandledException
8047CA70:__OSUnhandledException_msg1
8047CB1C:__OSUnhandledException_msg2
8047CB80:__OSUnhandledException_msg3
80270C24:OSGetFontEncode
80270FF8:OSLoadFont
802713D8:OSGetFontTexel
80273728:OSShutdownSystem
80275610:OSSuspendThread
80277884:PSMTXIdentity
802785C0:C_MTXOrtho
80280DBC:VIWaitForRetrace
80281D40:VIFlush
80281EC0:VISetBlack
80291648:GXSetProjection
802958FC:IOS_Open
80295ADC:IOS_Close
1,1,52e4:evt_machi_set_elv_descs

// new to v4
80055A0C:camGetPtr
803B0FB0:mobj_save_blk_sysevt
80122198:marioKeyOff
801221D0:marioKeyOn
8017A2F0:_unload
80198650:hudLoadStats
80198C90:hudHide
8023A2F4:spsndBGMOff_f_d
8023C2F8:nandGetSaveFiles
8023C6D8:nandUpdateSave
8023c8ec:nandLoadSave

// new to v6
8007BBB4:itemTypeNameToId
8019E988:fileAllocf
8019ECF0:fileFree
8019EEC0:fileAsyncf
801A61EC:__dl__FPv
801A6254:parseInit
801A6274:getTag
801A62F8:parsePush
801A64AC:parsePop
801A64C4:parsePopNext
801A64F8:parseGet1Next
801A6840:parseTagGet1
8023f1ac:homebuttonMain
805424D8:homebuttondrv_wp
80367EB0:pitText
80278F24:DVDConvertPathToEntrynum
805425F8:devDiStr
1,1,3be00:evt_dan_read_data
1,6,b48:dan_wp

// new to v8
8002C718:mobjNameToPtr
80042384:animPoseEntry
800432F8:animPoseSetAnim
80045170:animPoseMain
800496B0:animPoseDrawMtx
80049EAC:animPoseRelease
8004A4A4:animPoseAutoRelease
8004C710:animPoseGetAnimBaseDataPtr
80055A20:camGetCurPtr
8005817C:getScreenPoint
8005AACC:caseCheckHitObj
8006F808:hitNameToPtr
8006C39C:hitGrpFlagOn
8006C594:hitGrpFlagOff
8006ED14:hitCheckFilter
8006FECC:hitObjGetPos
80070298:hitGetMapEntryBbox
80077548:itemGetWork
8007D79C:itemCheckForId
8008D1C4:mapGrpFlagOn
8008D590:mapGrpFlagOff
8008E3B0:mapGrpFlag4On
800B4468:func_800b426c
800CD750:func_800cd554
800D2344:evt_snd_bgmon
800D391C:func_800d36f4
800D3A00:evt_sub_intpl_msec_init
800D3AA0:evt_sub_intpl_msec_get_value
800D42CC:evt_sub_random
800D500C:func_800d4de4
800D76C8:func_800d74a0
800DDF2C:evtmgrCmd
800DF3CC:evtSetFloat
800E13A8:evt_door_wait_flag
800E1378:evtDoorGetActiveDoorDesc
800E27D8:evt_door_set_door_descs
800E3750:evt_door_set_dokan_descs
800E42E0:evt_door_set_map_door_descs
800E44D0:evt_door_enable_disable_map_door_desc
803AFB88:door_init_evt
80542340:evt_door_wp
800EB5C0:evt_hitobj_attr_onoff
800EDDB8:evt_mapobj_flag_onoff
800EDE80:evt_mapobj_flag4_onoff
800ED554:evt_mapobj_trans
800ED9E8:evt_mapobj_color
800F355C:evt_mobj_flag_onoff
800F56F8:evt_mobj_zyo
800F5DCC:evt_mobj_thako
800F6060:evt_mobj_kan
800F6230:evt_mobj_arrow
800FD870:evt_npc_set_position
8010257C:evt_npc_entry
80102674:func_80103054
80102728:evt_npc_set_anim
80103CB4:func_80104694
80102CAC:evt_npc_flag8_onoff
80102FD8:evt_npc_animflag_onoff
801042B4:evt_npc_set_property
801045CC:evt_npc_modify_part
80104FF0:func_801059d0
80105D44:evt_npc_entry_from_template
8010731C:func_80107cfc
80107340:func_80107d20
801077B4:func_80108194
801112D8:evt_shop_set_defs
8014CB04:pouchAddItem
8014D100:pouchCheckHaveItem
8017AF90:getNextDanMapname
80183F1C:pausewinEntry
8018438C:pausewinMoveTo
801843DC:pausewinAppear
80184414:pausewinDisappear
8018444C:pausewinDelete
8018780C:pausewinSetMessage
80188FF4:pluswinChapterWinOpen
80542410:pluswinWp
80542c50:pausewinWp
80198E84:hudStartCountdown
8019C2BC:rand
8019D1F8:DVDMgrOpen
8019D350:DVDMgrRead
8019D544:DVDMgrClose
8019D584:DVDMgrGetLength
801A2B6C:gxsubInit_Tpl
801A2CAC:gxsubDrawTextureMtx
801A2FE0:gxsubDrawTexture
801A3350:gxsubGetTexWidth
801A33A8:gxsubGetTexHeight
801A3400:gxsubEnableTexAlpha
801A3410:gxsubInit
801A3524:gxsubInit_Cam
801A3558:gxsubInit_Colour
801A3690:gxsubDrawQuad
801A385C:gxsubDrawQuadMtx
801A3A30:gxsubDrawQuadGradient
801A3C48:gxsubDrawLineSquare
801A3E3C:gxsubDrawLineSquareMtx
801A405C:gxsubDrawDottedLine
801A44EC:gxsubDrawLine
801A4698:gxsubDrawSphere
801ad034:npcDispMain
801B5E8C:npcNameToPtr
801BEB70:npcSearchAnimDefs
801C8890:npcGetWorkPtr
801e21f0:npcDropItem
803D14F0:npcTribes
803DEE48:npcEnemyTemplates
802537FC:__div2i
8025A698:vsprintf
8025A718:snprintf
8025A7F0:sprintf
8025C35C:strstr
8025C114:strncpy
8025C32C:strchr
802615F8:cos
80261A04:sin
8027237C:OSLink
80277DC8:PSMTXTrans
80277DFC:PSMTXTransApply
80277E48:PSMTXScale
80277E70:PSMTXScaleApply
8028B5E8:GXSetVtxDesc
8028BE78:GXClearVtxDesc
8028BEAC:GXSetVtxAttrFmt
8028C7E8:GXSetNumTexGens
8028D364:GXBegin
8028D62C:GXSetCullMode
8028E728:GXSetNumChans
8028E74C:GXSetChanCtrl
8028FE08:GXSetTevOp
80290244:GXSetAlphaCompare
80290308:GXSetTevOrder
80290464:GXSetNumTevStages
80290488:GXSetFog
802907D8:GXSetBlendMode
80290880:GXSetZMode
802908B4:GXSetZCompLoc
80291738:GXLoadPosMtxImm
802917E0:GXSetCurrentMtx
802680A0:EXIImm
802684B8:EXISync
802687B8:__EXIProbe
80268B08:EXISelect
80268C38:EXIDeselect
8026929C:EXILock
80269398:EXIUnlock
80269498:EXIGetID
804CA1D0:Ecb
802E0194:TPLBind
800D499C:evt_sub_get_entername
1,1,3c0d8:evt_dan_handle_map_parts
1,1,3c398:evt_dan_handle_dokans
1,1,3c5ec:evt_dan_handle_doors
1,1,3ca0c:evt_dan_get_door_names
1,1,3ca74:evt_dan_get_exit_door_name_l
1,1,3caac:evt_dan_get_enemy_info
1,1,3cc88:evt_dan_make_spawn_table
1,1,3d190:evt_dan_get_enemy_spawn_pos
1,1,3d38c:evt_dan_decide_key_enemy
1,1,3d438:danCountdownDone
1,1,3d448:evt_dan_start_countdown
1,1,3d478:danCheckKeyInMapBbox
1,1,3d568:danCheckKeyEnemyInMapBbox
1,1,3d694:evt_dan_handle_key_failsafe
1,1,3d7cc:evt_dan_handle_chest_room_dokans_and_doors
1,1,3d878:evt_dan_get_chest_room_item
1,1,3d8e0:evt_dan_boss_room_set_door_name
1,1,3d91c:func_80c839cc
1,1,3d98c:wracktailDispCb
1,1,3db54:evt_dan_set_wracktail_disp_cb
1,1,3db98:func_80c83c48
1,1,3dbe8:screenBlinkDisp
1,1,3de78:evt_dan_screen_blink
1,1,3debc:func_80c83f6c
1,5,1595b0:danMapParts
1,5,1595f0:danDokanDescs
1,5,1596f0:danMapDoorDescs
1,5,159730:danFlipsideLockItems
1,5,159738:danFlopsideLockItems
1,5,159740:dan_lock_interact_evt
1,5,159818:dan_lock_open_evt
1,5,159850:dan_enemy_room_init_evt
1,5,159c18:danChestRoomDokanDesc
1,5,159c38:danChestRoomMapDoorDescs
1,5,159c78:dan_exit_pipe_sign_interact_evt
1,5,159cb0:dan_chest_open_evt
1,5,159de8:rotenShopItems
1,5,159f00:rotenShopDef
1,5,159f18:rotenTribeAnimDefs
1,5,159f58:dan_chest_room_init_evt
1,5,15a7a0:dan_30_map_door_desc
1,5,15a7c0:dan_30_dokan_desc
1,5,15a7e0:dan_70_dokan_desc
1,5,15a800:dan_30_init_evt
1,5,de490:dan_70_init_evt
1,5,15ac60:dashellTribeAnimDefs
1,5,15ac88:dan_30_chest_interact_evt
1,5,15ada0:dan_30_chest_open_evt
1,5,15b9a8:wracktailTribeAnimDefs
1,5,15b9f0:dan_wracktail_main_evt
1,5,15ced8:dan_start_wracktail_evt
1,5,15cfb8:dan_70_mario_chest_open_evt
1,5,15d040:dan_70_dark_mario_chest_open_evt
1,5,15d0c8:dan_70_peach_chest_open_evt
1,5,15d150:dan_70_dark_peach_chest_open_evt
1,5,15d1d8:dan_70_bowser_chest_open_evt
1,5,15d260:dan_70_dark_bowser_chest_open_evt
1,5,15d2e8:dan_70_luigi_chest_open_evt
1,5,15d370:dan_70_dark_luigi_chest_open_evt
1,5,15d3f8:dan_shadoo_main_evt
1,5,15dc40:dan_shadoo_fight_evt
1,5,15e280:dan_shadoo_defeat_evt
1,5,15e384:dan_70_reward_appear_evt
1,5,15ef00:dan_start_shadoo_evt
1,5,d1938:sammerDefsCh6
1,5,d1de8:sammerDefsEndgame
