// OS Globals
800000e4:currentThread
800030c8:firstRel
800030cc:lastRel

// Automatically generated from spm.eu0.lst
80004000:memcpy
80004104:memset
80029680:mapDataPtr
80433CD8:mapData
8002CA88:mobjNameToPtrNoAssert
80254FF0:msgSearch
800322A8:swInit
80032344:swReInit
800323A8:swSet
800323E8:swGet
80032430:swClear
80032470:swByteSet
800324F4:swByteGet
80032518:_swSet
80032558:_swGet
800325A0:_swClear
800325E0:_swByteSet
800325F0:_swByteGet
80034F7C:windowDispGX2_Waku_col
80055338:dispEntry
8005C1AC:func_80061d78
80061C2C:fadeIsFinish
8006D5E4:iconDispGx
80072F70:itemEntry
80426AB8:itemDataTable
8042C730:itemEventDataTable
800D2C6C:evtGetWork
800D3010:evtEntry
800D327C:evtEntryType
800D34E8:evtChildEntry
800D37F8:evtBrotherEntry
800D4010:evtCheckID
800D7988:evt_debug_put_msg
800D79BC:evt_debug_put_reg
800D8A1C:evtGetValue
800D8E40:evtSetValue
80543D18:evt_debug_put_reg_str
800E1588:evt_fade_end_wait
800E269C:evt_fairy_flag_onoff
800E4D04:evt_guide_flag2_onoff
800E4E0C:evt_guide_check_flag0
800E9948:evt_mario_flag8_onoff
800E9AD8:evt_mario_key_off
800E9AB4:evt_mario_key_on
800E9ED4:evt_mario_get_pos
800ECA38:evt_set_gravity
800EDA90:evt_mobj_delete
800F3070:evt_mobj_blk
800F5EDC:evt_msg_print
800F62FC:evt_msg_continue
8010640C:evt_npc_teleport_effect
80108B24:evt_seq_set_seq
80108B9C:evt_seq_wait
8011DAD4:marioGetPtr
8011E6F4:marioCtrlOffChk
8011E708:marioKeyOffChk
80127098:marioSetGravity
80142A98:func_80146f0c
80147C14:pouchGetPtr
80148FE4:pouchGetHp
80148FF4:pouchAddHp
80149084:pouchGetXp
80149094:pouchAddXp
80149AD8:pouchRemoveItem
8014A6F4:pouchRemoveShopItem
8014AEA8:pouchGetCurPixl
8014B5AC:pouchCountUseItems
8014B65C:pouchCountKeyItems
8014B704:pouchCountShopItems
8014B7AC:pouchCountChars
8014B7FC:pouchCountPixls
80174CE0:seq_logoMain
80178B94:seq_gameInit
80177C7C:seqInit_SPMARIO
80177CBC:seqMain
80177DC4:seqSetSeq
80177DD4:seqGetSeq
80549C48:seqWork
80181474:pausewinPauseGame
801815B8:pausewinUnpauseGame
8019204C:charPixlItemWinIsClosed
80199328:irand
80198620:__assert2
8024e678:FontDrawStart
8024e680:FontDrawStart_alpha
8024e980:FontDrawEdge
8024e990:FontDrawEdgeOff
8024e9a0:FontDrawRainbowColor
8024eac8:FontDrawRainbowColorOff
8024ec08:FontDrawNoise
8024ec0c:FontDrawNoiseOff
8024ec10:FontDrawColorIDX
8024ec88:FontDrawColor
8024ece0:FontDrawColor_
8024ed48:FontGetDrawColor
8024ed54:FontDrawScale
8024ee9c:FontDrawCode
8024fc2c:FontDrawString
8024fcbc:FontDrawMessage
8024fd30:FontDrawMessageMtx
802512a4:FontGetMessageWidth
801A08BC:spmarioInit
801A0F30:spmarioMain
801A11A4:spmarioDisp
801A11CC:spmarioSystemLevel
801A1248:spmarioGetSystemLevel
801A1250:viPostCallback
801A13E8:wiiDvdCheckThread
801A1810:wiiRumbleCheck
805D7978:gp
804597B8:seq_data
8019EB44:__memAlloc
8019EBC8:__memFree
8045B3C8:size_table
805D7968:memory_wp
805D796C:memory_swp
8022FEF8:wpadGetButtonsHeld
8022FF20:wpadGetButtonsPressed
8022FF34:wpadGetButtonsHeldRepeat
80234FC0:spsndBGMOn
80236B00:relInit
80236B10:relMain
80236CCC:isRelLoaded
805D79A0:relmgr_wp
805D79A4:relDecompName
805D7758:relCompName
8027E1BC:PSMTXIdentity
8025EE24:sprintf
8025C57C:memmove
80260688:strcpy
80260804:strcmp
80260920:strncmp
80260510:sscanf
80269320:strlen
8027243C:DCFlushRange
802724F4:ICInvalidateRange
8027307C:OSReport
80275114:OSFatal
802765F4:OSDisableInterrupts
8027661C:OSRestoreInterrupts
8027AD18:OSGetTime
8029B654:MEMGetAllocatableSizeForExpHeapEx
8029B72C:MEMGetSizeForMBlockExpHeap
8029F5AC:NANDCreateAsync
8029F7E4:NANDDeleteAsync
8029F9E4:NANDReadAsync
8029FAC4:NANDWriteAsync
802a060c:NANDSafeOpenAsync
802a0c28:NANDSafeCloseAsync
802a1b2c:NANDChangeDirAsync
802A1BF0:NANDGetHomeDir
802A21B4:NANDCheckAsync
802E9708:CXGetUncompressedSize
802E9748:CXUncompressLZ
802E9888:CXGetCompressionHeader

// new to v2
800DCA98:evt_door_set_door_descs
800DDA10:evt_door_set_dokan_descs
800DE5A0:evt_door_set_map_door_descs
8019A410:OSPanic
801a0390:romFontPrintGX
8019fddc:romFontGetWidth
805D7970:romfont_wp
805d8141:spmario_doShutdown
801A1F24:DEMOBeforeRender
801A1FEC:DEMODoneRender
80230E14:spsndExit
80272D50:OSDumpContext
80273394:__OSUnhandledException
8051EDB0:__OSUnhandledException_msg1
8051EE5C:__OSUnhandledException_msg2
8051EEC0:__OSUnhandledException_msg3
802C6178:OSGetFontEncode
80275F84:OSLoadFont
80276364:OSGetFontTexel
80278824:OSShutdownSystem
8027A9A4:OSSuspendThread
8027E1BC:PSMTXIdentity
8027EEF8:C_MTXOrtho
80289024:VIWaitForRetrace
80289FDC:VIFlush
8028A15C:VISetBlack
80299BB0:GXSetProjection
8029DD50:IOS_Open
8029DF30:IOS_Close
1,1,52e4:evt_machi_set_elv_descs

// new to v4
8004FF58:camGetPtr
8044BE18:mobj_save_blk_sysevt
8011E780:marioKeyOff
8011E7B8:marioKeyOn
80176CE8:_unload
80195544:hudLoadStats
80195B84:hudHide
80234FCC:spsndBGMOff_f_d
802371CC:nandGetSaveFiles
80237544:nandUpdateSave
80237758:nandLoadSave

// new to v6
80076108:itemTypeNameToId
8019B7F8:fileAllocf
8019BB60:fileFree
8019BD30:fileAsyncf
8019F70C:__dl__FPv
8019F774:parseInit
8019F794:getTag
8019F818:parsePush
8019F9CC:parsePop
8019F9E4:parsePopNext
8019FA18:parseGet1Next
8019FD60:parseTagGet1
80239f74:homebuttonMain
805d79b8:homebuttondrv_wp
8038D200:pitText
8027F85C:DVDConvertPathToEntrynum
805D7B18:devDiStr
1,1,3c6d4:evt_dan_read_data
1,6,2a48:dan_wp

// new to v8
8002C9D4:mobjNameToPtr
8003C8D0:animPoseEntry
8003D844:animPoseSetAnim
8003F6BC:animPoseMain
80043BFC:animPoseDrawMtx
800443F8:animPoseRelease
800449F0:animPoseAutoRelease
80046C5C:animPoseGetAnimBaseDataPtr
8004FF6C:camGetCurPtr
800526C8:getScreenPoint
80055018:caseCheckHitObj
80069D54:hitNameToPtr
800668E8:hitGrpFlagOn
80066AE0:hitGrpFlagOff
80069260:hitCheckFilter
8006A418:hitObjGetPos
8006A7E4:hitGetMapEntryBbox
80071A94:itemGetWork
80077CF0:itemCheckForId
8008736C:mapGrpFlagOn
80087738:mapGrpFlagOff
80088558:mapGrpFlag4On
800AE6A8:func_800b426c
800C79C8:func_800cd554
800CC5BC:evt_snd_bgmon
800CDB68:func_800d36f4
800CDC4C:evt_sub_intpl_msec_init
800CDCEC:evt_sub_intpl_msec_get_value
800CE518:evt_sub_random
800CF258:func_800d4de4
800D1914:func_800d74a0
800D81E4:evtmgrCmd
800D9684:evtSetFloat
800DB668:evt_door_wait_flag
800DB638:evtDoorGetActiveDoorDesc
800DCA98:evt_door_set_door_descs
800DDA10:evt_door_set_dokan_descs
800DE5A0:evt_door_set_map_door_descs
800DE790:evt_door_enable_disable_map_door_desc
8044A9F0:door_init_evt
805D7820:evt_door_wp
800E5BB4:evt_hitobj_attr_onoff
800E83AC:evt_mapobj_flag_onoff
800E8474:evt_mapobj_flag4_onoff
800E7B48:evt_mapobj_trans
800E7FDC:evt_mapobj_color
800EDC94:evt_mobj_flag_onoff
800EFF60:evt_mobj_zyo
800F0634:evt_mobj_thako
800F08C8:evt_mobj_kan
800F0A98:evt_mobj_arrow
800F9D18:evt_npc_set_position
800FEA58:evt_npc_entry
800FEB50:func_80103054
800FEC04:evt_npc_set_anim
80100190:func_80104694
800FF188:evt_npc_flag8_onoff
800FF4B4:evt_npc_animflag_onoff
80100790:evt_npc_set_property
80100AA8:evt_npc_modify_part
801014CC:func_801059d0
80102220:evt_npc_entry_from_template
801037F8:func_80107cfc
8010381C:func_80107d20
80103C90:func_80108194
8010D8A8:evt_shop_set_defs
80149184:pouchAddItem
80149780:pouchCheckHaveItem
8017799C:getNextDanMapname
80180CB8:pausewinEntry
80181130:pausewinMoveTo
80181180:pausewinAppear
801811B8:pausewinDisappear
801811F0:pausewinDelete
801845B0:pausewinSetMessage
80185D98:pluswinChapterWinOpen
805D78F0:pausewin_pluswinWp
805d80d0:pausewin_wp
80195D78:hudStartCountdown
80199224:rand
8019A160:DVDMgrOpen
8019A2B8:DVDMgrRead
8019A3B4:DVDMgrClose
8019A3F4:DVDMgrGetLength
8019C08C:gxsubInit_Tpl
8019C1CC:gxsubDrawTextureMtx
8019C500:gxsubDrawTexture
8019C870:gxsubGetTexWidth
8019C8C8:gxsubGetTexHeight
8019C920:gxsubEnableTexAlpha
8019C930:gxsubInit
8019CA44:gxsubInit_Cam
8019CA78:gxsubInit_Colour
8019CBB0:gxsubDrawQuad
8019CD7C:gxsubDrawQuadMtx
8019CF50:gxsubDrawQuadGradient
8019D168:gxsubDrawLineSquare
8019D35C:gxsubDrawLineSquareMtx
8019D57C:gxsubDrawDottedLine
8019DA0C:gxsubDrawLine
8019DBB8:gxsubDrawSphere
801A694C:npcDispMain
801AF988:npcNameToPtr
801B86A4:npcSearchAnimDefs
801C234C:npcGetWorkPtr
801DC28C:npcDropItem
8046D1A8:npcTribes
8047AB00:npcEnemyTemplates
80257DAC:__div2i
8025ECCC:vsprintf
8025ED4C:snprintf
8025EE24:sprintf
80260990:strstr
80260748:strncpy
80260960:strchr
802661A4:cos
802665B0:sin
80277328:OSLink
8027E700:PSMTXTrans
8027E734:PSMTXTransApply
8027E780:PSMTXScale
8027E7A8:PSMTXScaleApply
80293AFC:GXSetVtxDesc
8029438C:GXClearVtxDesc
802943C0:GXSetVtxAttrFmt
80294CFC:GXSetNumTexGens
80295878:GXBegin
80295B40:GXSetCullMode
80296C60:GXSetNumChans
80296C84:GXSetChanCtrl
80298368:GXSetTevOp
802987A4:GXSetAlphaCompare
80298868:GXSetTevOrder
802989C4:GXSetNumTevStages
802989E8:GXSetFog
80298D38:GXSetBlendMode
80298DE0:GXSetZMode
80298E14:GXSetZCompLoc
80299CA0:GXLoadPosMtxImm
80299D48:GXSetCurrentMtx
8026CC50:EXIImm
8026D068:EXISync
8026D368:__EXIProbe
8026D6B8:EXISelect
8026D7E8:EXIDeselect
8026DE4C:EXILock
8026DF48:EXIUnlock
8026E048:EXIGetID
805703E0:Ecb
802EA418:TPLBind
800CEBE8:evt_sub_get_entername
1,1,3c9ac:evt_dan_handle_map_parts
1,1,3cc6c:evt_dan_handle_dokans
1,1,3cec0:evt_dan_handle_doors
1,1,3d2e0:evt_dan_get_door_names
1,1,3d348:evt_dan_get_exit_door_name_l
1,1,3d380:evt_dan_get_enemy_info
1,1,3d55c:evt_dan_make_spawn_table
1,1,3da64:evt_dan_get_enemy_spawn_pos
1,1,3dc60:evt_dan_decide_key_enemy
1,1,3dd0c:danCountdownDone
1,1,3dd1c:evt_dan_start_countdown
1,1,3dd4c:danCheckKeyInMapBbox
1,1,3de3c:danCheckEnemyInMapBbox
1,1,3df68:evt_dan_handle_key_failsafe
1,1,3e0a0:evt_dan_handle_chest_room_dokans_and_doors
1,1,3e14c:evt_dan_get_chest_room_item
1,1,3e1b4:evt_dan_boss_room_set_door_name
1,1,3e1f0:func_80c839cc
1,1,3e260:wracktailDispCb
1,1,3e428:evt_dan_set_wracktail_disp_cb
1,1,3e46c:func_80c83c48
1,1,3e4bc:screenBlinkDisp
1,1,3e74c:evt_dan_screen_blink
1,1,3e790:func_80c83f6c
1,5,15b218:danMapParts
1,5,15b258:danDokanDescs
1,5,15b358:danMapDoorDescs
1,5,15b398:danFlipsideLockItems
1,5,15b3a0:danFlopsideLockItems
1,5,15b3a8:dan_lock_interact_evt
1,5,15b480:dan_lock_open_evt
1,5,15b4b8:dan_enemy_room_init_evt
1,5,15b880:danChestRoomDokanDesc
1,5,15b8a0:danChestRoomMapDoorDescs
1,5,15b8e0:dan_exit_pipe_sign_interact_evt
1,5,15b918:dan_chest_open_evt
1,5,15ba50:rotenShopItems
1,5,15bb68:rotenShopDef
1,5,15bb80:rotenTribeAnimDefs
1,5,15bbc0:dan_chest_room_init_evt
1,5,15c408:dan_30_map_door_desc
1,5,15c428:dan_30_dokan_desc
1,5,15c448:dan_70_dokan_desc
1,5,15c468:dan_30_init_evt
1,5,15c698:dan_70_init_evt
1,5,15c8c8:dashellTribeAnimDefs
1,5,15c8f0:dan_30_chest_interact_evt
1,5,15ca08:dan_30_chest_open_evt
1,5,15d610:wracktailTribeAnimDefs
1,5,15d658:dan_wracktail_main_evt
1,5,15eb40:dan_start_wracktail_evt
1,5,15ec20:dan_70_mario_chest_open_evt
1,5,15eca8:dan_70_dark_mario_chest_open_evt
1,5,15ed30:dan_70_peach_chest_open_evt
1,5,15edb8:dan_70_dark_peach_chest_open_evt
1,5,15ee40:dan_70_bowser_chest_open_evt
1,5,15eec8:dan_70_dark_bowser_chest_open_evt
1,5,15ef50:dan_70_luigi_chest_open_evt
1,5,15efd8:dan_70_dark_luigi_chest_open_evt
1,5,15f060:dan_shadoo_main_evt
1,5,15f8a8:dan_shadoo_fight_evt
1,5,15fee8:dan_shadoo_defeat_evt
1,5,15ffec:dan_70_reward_appear_evt
1,5,160b68:dan_start_shadoo_evt
1,5,d2aa8:sammerDefsCh6
1,5,d2f58:sammerDefsEndgame

// new to v9
8013EF68:marioChgMot
80061D1C:fadeSetMapChangeTransition
80235834:spsndCheckBgmPlaying

// new to rld3 v1
8026078C:strcat
8029E0D8:IOS_Read
8029E600:IOS_Ioctl
8029B4D8:MEMAllocFromExpHeapEx
80278470:__OSReboot
80273B28:Run
805d8308:SaveStart
805d830c:SaveEnd
