// OS Globals
800000e4:OS_CURRENT_THREAD
800030c8:firstRel
800030cc:lastRel

// Automatically generated from spm.eu0.lst
80004000:memcpy
80004104:memset
80029364:mapDataPtr
803C5098:mapData
8002C76C:mobjNameToPtrNoAssert
80032590:msgSearch
80037D30:swInit
80037DCC:swReInit
80037E30:swSet
80037E70:swGet
80037EB8:swClear
80037EF8:swByteSet
80037F7C:swByteGet
80037FA0:_swSet
80037FE0:_swGet
80038028:_swClear
80038068:_swByteSet
80038078:_swByteGet
8003AA04:windowDispGX2_Waku_col
8005AD8C:dispEntry
80061C00:func_80061d78
80067680:fadeIsFinish
80073038:iconDispGx
800789C4:itemEntry
803B7E78:itemDataTable
803BDAF0:itemEventDataTable
800D8938:evtGetWork
800D8CDC:evtEntry
800D8F48:evtEntryType
800D91B4:evtChildEntry
800D94C4:evtBrotherEntry
800D9CDC:evtCheckID
800DD654:evt_debug_put_msg
800DD688:evt_debug_put_reg
800DE6E8:evtGetValue
800DEB0C:evtSetValue
804CB830:evt_debug_put_reg_str
800E7254:evt_fade_end_wait
800E8368:evt_fairy_flag_onoff
800EA9D0:evt_guide_flag2_onoff
800EAAD8:evt_guide_check_flag0
800EF5D8:evt_mario_flag8_onoff
800EF768:evt_mario_key_off
800EF744:evt_mario_key_on
800EFB64:evt_mario_get_pos
800F25C0:evt_set_gravity
800F3618:evt_mobj_delete
800F8C2C:evt_mobj_blk
800FBA98:evt_msg_print
800FBEB8:evt_msg_continue
800FBF90:evt_msg_select
8010A360:evt_npc_teleport_effect
8010CA14:evt_seq_set_seq
8010CA8C:evt_seq_wait
8012191C:marioGetPtr
8012253C:marioCtrlOffChk
80122550:marioKeyOffChk
8012AEC0:marioSetGravity
80146870:func_80146f0c
8014B9EC:pouchGetPtr
8014CDBC:pouchGetHp
8014CDCC:pouchAddHp
8014CE5C:pouchGetXp
8014CE6C:pouchAddXp
8014D8B0:pouchRemoveItem
8014E4CC:pouchRemoveShopItem
8014EC80:pouchGetCurPixl
8014F384:pouchCountUseItems
8014F434:pouchCountKeyItems
8014F4DC:pouchCountShopItems
8014F584:pouchCountChars
8014F5D4:pouchCountPixls
80178988:seq_logoMain
8017C604:seq_gameInit
8017B6EC:seqInit_SPMARIO
8017B72C:seqMain
8017B834:seqSetSeq
8017B844:seqGetSeq
804D0D60:seqWork
80184B4C:pausewinPauseGame
80184C90:pausewinUnpauseGame
801955D4:charPixlItemWinIsClosed
8019C83C:irand
8019BB34:__assert2
8019F5A0:fontmgrInit
8019F658:FontDrawStart
8019F738:FontDrawStart_alpha
8019F810:FontDrawEdge
8019F81C:FontDrawEdgeOff
8019F828:FontDrawRainbowColor
8019F8C8:FontDrawRainbowColorOff
8019F8D0:FontDrawNoise
8019F9DC:FontDrawNoiseOff
8019FA08:FontDrawColorIDX
8019FAA0:FontDrawColor
8019FB3C:FontDrawColor_
8019FBC4:FontGetDrawColor
8019FBCC:FontDrawScale
8019FBE4:FontDrawCode
8019FDFC:FontDrawCodeMtx
8019FFBC:FontDrawString
801A0000:FontDrawStringVecPitch
801A03C8:FontDrawStringMtx
801A07C8:FontDrawStringCenterMtx
801A0B04:FontDrawMessage
801A1338:FontDrawMessageMtx
801A1AC0:hankakuSearch
801A1AC8:kanjiSearch
801A1ACC:kanjiGetWidth
801A1B44:FontGetMessageWidthLine
801A1E94:FontGetMessageWidth
801A1E9C:HSV2RGB
801A7518:spmarioInit
801A7AAC:spmarioMain
801A7D1C:spmarioDisp
801A7D44:spmarioSystemLevel
801A7DC0:spmarioGetSystemLevel
801A7DC8:viPostCallback
801A7F60:wiiDvdCheckThread
801A8388:wiiRumbleCheck
8056CB78:gp
803EA308:seq_data
801A59A8:__memAlloc
801A5A2C:__memFree
803EBF48:memory_size_table
8056CB68:memory_wp
8056CB6C:memory_swp
80235A90:wpadGetButtonsHeld
80235AB8:wpadGetButtonsPressed
80235ACC:wpadGetButtonsHeldRepeat
8023AD58:spsndBGMOn
8023C850:relInit
8023C860:relMain
8023CA1C:isRelLoaded
8056CBA0:relmgr_wp
8056CBA4:relDecompName
8056CBA8:relCompName
802781C0:PSMTXIdentity
8025AFE8:sprintf
802587C4:memmove
8025C84C:strcpy
8025C9C8:strcmp
8025CAE4:strncmp
8025C6D4:sscanf
80264F68:strlen
8026DFA0:DCFlushRange
8026E028:ICInvalidateRange
8026EBB0:OSReport
80270908:OSFatal
80271E28:OSDisableInterrupts
80271E50:OSRestoreInterrupts
802762C0:OSGetTime
80293C08:MEMGetAllocatableSizeForExpHeapEx
80293CE0:MEMGetSizeForMBlockExpHeap
8029778C:NANDCreateAsync
8029792C:NANDDeleteAsync
80297B2C:NANDReadAsync
80297C0C:NANDWriteAsync
8029868C:NANDSafeOpenAsync
80298BE8:NANDSafeCloseAsync
80299B34:NANDChangeDirAsync
80299D48:NANDGetHomeDir
8029A500:NANDCheckAsync
802E04E8:CXGetUncompressedSize
802E0528:CXUncompressLZ
802E065C:CXGetCompressionHeader

// new to v2
800E2764:evt_door_set_door_descs
800E36DC:evt_door_set_dokan_descs
800E426C:evt_door_set_map_door_descs
8019D924:OSPanic
801A6E78:romFontPrintGX
801A7380:romFontGetWidth
8056CB70:romfont_wp
8056d3c1:spmario_doShutdown
801A8A9C:DEMOBeforeRender
801A8B64:DEMODoneRender
802369A0:spsndExit
8026E884:OSDumpContext
8026EEC8:__OSUnhandledException
804A8FE8:__OSUnhandledException_msg1
804A9094:__OSUnhandledException_msg2
804A90F8:__OSUnhandledException_msg3
802713E4:OSGetFontEncode
802717B8:OSLoadFont
80271B98:OSGetFontTexel
80273F24:OSShutdownSystem
80275F4C:OSSuspendThread
802781C0:PSMTXIdentity
80278EFC:C_MTXOrtho
802816F8:VIWaitForRetrace
8028267C:VIFlush
802827FC:VISetBlack
80292164:GXSetProjection
802961B8:IOS_Open
80296398:IOS_Close
1,1,52e4:evt_machi_set_elv_descs

// new to v4
800559AC:camGetPtr
803DD270:mobj_save_blk_sysevt
801225C8:marioKeyOff
80122600:marioKeyOn
8017A76C:_unload
80198ACC:hudLoadStats
8019910C:hudHide
8023AD64:spsndBGMOff_f_d
8023CD68:nandGetSaveFiles
8023D0CC:nandUpdateSave
8023d2e0:nandLoadSave

// new to v6
8007BB54:itemTypeNameToId
8019ED0C:fileAllocf
8019F074:fileFree
8019F244:fileAsyncf
801A6570:__dl__FPv
801A65D8:parseInit
801A65F8:getTag
801A667C:parsePush
801A6830:parsePop
801A6848:parsePopNext
801A687C:parseGet1Next
801A6BC4:parseTagGet1
8023f994:homebuttonMain
8056CBB8:homebuttondrv_wp
80368BD0:pitText
80279860:DVDConvertPathToEntrynum
8056CCD8:devDiStr
1,1,3be5c:evt_dan_read_data
1,6,b48:dan_wp

// new to v8
8002C6B8:mobjNameToPtr
80042324:animPoseEntry
80043298:animPoseSetAnim
80045110:animPoseMain
80049650:animPoseDrawMtx
80049E4C:animPoseRelease
8004A444:animPoseAutoRelease
8004C6B0:animPoseGetAnimBaseDataPtr
800559C0:camGetCurPtr
8005811C:getScreenPoint
8005AA6C:caseCheckHitObj
8006F7A8:hitNameToPtr
8006C33C:hitGrpFlagOn
8006C534:hitGrpFlagOff
8006ECB4:hitCheckFilter
8006FE6C:hitObjGetPos
80070238:hitGetMapEntryBbox
800774E8:itemGetWork
8007D73C:itemCheckForId
8008D164:mapGrpFlagOn
8008D530:mapGrpFlagOff
8008E350:mapGrpFlag4On
800B4408:func_800b426c
800CD6F0:func_800cd554
800D22E4:evt_snd_bgmon
800D3890:func_800d36f4
800D3974:evt_sub_intpl_msec_init
800D3A14:evt_sub_intpl_msec_get_value
800D4240:evt_sub_random
800D4F80:func_800d4de4
800D763C:func_800d74a0
800DDEB0:evtmgrCmd
800DF350:evtSetFloat
800E1334:evt_door_wait_flag
800E1304:evtDoorGetActiveDoorDesc
800E2764:evt_door_set_door_descs
800E36DC:evt_door_set_dokan_descs
800E426C:evt_door_set_map_door_descs
800E445C:evt_door_enable_disable_map_door_desc
803D48B0:evt_door_dan_dokan
803DBE48:door_init_evt
8056CA20:evt_door_wp
800EB880:evt_hitobj_attr_onoff
800EE078:evt_mapobj_flag_onoff
800EE140:evt_mapobj_flag4_onoff
800ED814:evt_mapobj_trans
800EDCA8:evt_mapobj_color
800F381C:evt_mobj_flag_onoff
800F5B1C:evt_mobj_zyo
800F61F0:evt_mobj_thako
800F6484:evt_mobj_kan
800F6654:evt_mobj_arrow
800FDCA0:evt_npc_set_position
801029AC:evt_npc_entry
80102AA4:func_80103054
80102B58:evt_npc_set_anim
801040E4:func_80104694
801030DC:evt_npc_flag8_onoff
80103408:evt_npc_animflag_onoff
801046E4:evt_npc_set_property
801049FC:evt_npc_modify_part
80104ADC:evt_npc_get_property
80105420:func_801059d0
80106174:evt_npc_entry_from_template
8010774C:func_80107cfc
80107770:func_80107d20
80107BE4:func_80108194
80111708:evt_shop_set_defs
8014CF5C:pouchAddItem
8014D558:pouchCheckHaveItem
8017B40C:getDanMapName
80184398:pausewinEntry
80184808:pausewinMoveTo
80184858:pausewinAppear
80184890:pausewinDisappear
801848C8:pausewinDelete
80187C88:pausewinSetMessage
80189470:pluswinChapterWinOpen
8056CAF0:pausewin_pluswinWp
8056d330:pausewin_wp
80199300:hudStartCountdown
8019C738:rand
8019D674:DVDMgrOpen
8019D7CC:DVDMgrRead
8019D8C8:DVDMgrClose
8019D908:DVDMgrGetLength
801A2EF0:gxsubInit_Tpl
801A3030:gxsubDrawTextureMtx
801A3364:gxsubDrawTexture
801A36D4:gxsubGetTexWidth
801A372C:gxsubGetTexHeight
801A3784:gxsubEnableTexAlpha
801A3794:gxsubInit
801A38A8:gxsubInit_Cam
801A38DC:gxsubInit_Colour
801A3A14:gxsubDrawQuad
801A3BE0:gxsubDrawQuadMtx
801A3DB4:gxsubDrawQuadGradient
801A3FCC:gxsubDrawLineSquare
801A41C0:gxsubDrawLineSquareMtx
801A43E0:gxsubDrawDottedLine
801A4870:gxsubDrawLine
801A4A1C:gxsubDrawSphere
801ad400:npcDispMain
801B6258:npcNameToPtr
801BEF3C:npcSearchAnimDefs
801C8C5C:npcGetWorkPtr
801e2b10:npcDropItem
803FD7D0:npcTribes
8040B128:npcEnemyTemplates
80253FF4:__div2i
8025AE90:vsprintf
8025AF10:snprintf
8025AFE8:sprintf
8025CB54:strstr
8025C90C:strncpy
8025CB24:strchr
80261DF0:cos
802621FC:sin
80272B5C:OSLink
80278704:PSMTXTrans
80278738:PSMTXTransApply
80278784:PSMTXScale
802787AC:PSMTXScaleApply
8028C104:GXSetVtxDesc
8028C994:GXClearVtxDesc
8028C9C8:GXSetVtxAttrFmt
8028D304:GXSetNumTexGens
8028DE80:GXBegin
8028E148:GXSetCullMode
8028F244:GXSetNumChans
8028F268:GXSetChanCtrl
80290924:GXSetTevOp
80290D60:GXSetAlphaCompare
80290E24:GXSetTevOrder
80290F80:GXSetNumTevStages
80290FA4:GXSetFog
802912F4:GXSetBlendMode
8029139C:GXSetZMode
802913D0:GXSetZCompLoc
80292254:GXLoadPosMtxImm
802922FC:GXSetCurrentMtx
80268890:EXIImm
80268CA8:EXISync
80268FA8:__EXIProbe
802692F8:EXISelect
80269428:EXIDeselect
80269A8C:EXILock
80269B88:EXIUnlock
80269C88:EXIGetID
804F68D8:Ecb
802E103C:TPLBind
800D4910:evt_sub_get_entername
800D9A98:evtDelete
800D8A60:make_jump_table
800D8C80:evtmgrReInit
80262358:pow
800FEEF4:evt_npc_set_color
800FF028:evt_npc_set_colorcopy
800FF178:evt_npc_set_colorcopytwo
801087E8:evt_npc_set_part_attack_power
800E3958:evt_door_enable_disable_dokan_desc
800EADA8:evt_hitobj_onoff
800ECDD8:evt_item_entry
1,1,3c134:evt_dan_handle_map_parts
1,1,3c3f4:evt_dan_handle_dokans
1,1,3c648:evt_dan_handle_doors
1,1,3ca68:evt_dan_get_door_names
1,1,3cad0:evt_dan_get_exit_door_name_l
1,1,3cb08:evt_dan_get_enemy_info
1,1,3cce4:evt_dan_make_spawn_table
1,1,3d1ec:evt_dan_get_enemy_spawn_pos
1,1,3d3e8:evt_dan_decide_key_enemy
1,1,3d494:danCountdownDone
1,1,3d4a4:evt_dan_start_countdown
1,1,3d4d4:danCheckKeyInMapBbox
1,1,3d5c4:danCheckEnemyInMapBbox
1,1,3d6f0:evt_dan_handle_key_failsafe
1,1,3d828:evt_dan_handle_chest_room_dokans_and_doors
1,1,3d8d4:evt_dan_get_chest_room_item
1,1,3d93c:evt_dan_boss_room_set_door_name
1,1,3d978:func_80c839cc
1,1,3d9e8:wracktailDispCb
1,1,3dbb0:evt_dan_set_wracktail_disp_cb
1,1,3dbf4:func_80c83c48
1,1,3dc44:screenBlinkDisp
1,1,3ded4:evt_dan_screen_blink
1,1,3df18:func_80c83f6c
1,5,1595e0:danMapParts
1,5,159620:danDokanDescs
1,5,159720:danMapDoorDescs
1,5,159760:danFlipsideLockItems
1,5,159768:danFlopsideLockItems
1,5,159770:dan_lock_interact_evt
1,5,159848:dan_lock_open_evt
1,5,159880:dan_enemy_room_init_evt
1,5,159c48:danChestRoomDokanDesc
1,5,159c68:danChestRoomMapDoorDescs
1,5,159ca8:dan_exit_pipe_sign_interact_evt
1,5,159ce0:dan_chest_open_evt
1,5,159e18:dan_rotenShopItems
1,5,159f30:rotenShopDef
1,5,159f48:rotenTribeAnimDefs
1,5,159f88:dan_chest_room_init_evt
1,5,15a7d0:dan_30_map_door_desc
1,5,15a7f0:dan_30_dokan_desc
1,5,15a810:dan_70_dokan_desc
1,5,15a830:dan_30_init_evt
1,5,15aa60:dan_70_init_evt
1,5,15ac90:dashellTribeAnimDefs
1,5,15acb8:dan_30_chest_interact_evt
1,5,15add0:dan_30_chest_open_evt
1,5,15b9d8:wracktailTribeAnimDefs
1,5,15ba20:dan_wracktail_main_evt
1,5,15cf08:dan_start_wracktail_evt
1,5,15cfe8:dan_70_mario_chest_open_evt
1,5,15d070:dan_70_dark_mario_chest_open_evt
1,5,15d0f8:dan_70_peach_chest_open_evt
1,5,15d180:dan_70_dark_peach_chest_open_evt
1,5,15d208:dan_70_bowser_chest_open_evt
1,5,15d290:dan_70_dark_bowser_chest_open_evt
1,5,15d318:dan_70_luigi_chest_open_evt
1,5,15d3a0:dan_70_dark_luigi_chest_open_evt
1,5,15d428:dan_shadoo_main_evt
1,5,15dc70:dan_shadoo_fight_evt
1,5,15e2b0:dan_shadoo_defeat_evt
1,5,15e3b4:dan_70_reward_appear_evt
1,5,15ef30:dan_start_shadoo_evt
1,5,d1958:sammerDefsCh6
1,5,d1e08:sammerDefsEndgame

// new to v9
80142D40:marioChgMot
80067770:fadeSetMapChangeTransition
8023B5CC:spsndCheckBgmPlaying

// new to SPM-RPG-Battles
1,1,27204:rpg_screen_draw
1,1,26cc4:rpgHandleMenu
801B6390:npcDelete
1,1,2cf78:evt_rpg_add_xp
800FCE20:evt_msg_fmt_str
800D3440:evt_snd_sfx_wait
1,1,2cff0:evt_rpg_get_item_msg
8010C2A4:evt_pouch_add_attack
8010C0B4:evt_pouch_get_hp
1,1,2ceb0:evt_rpg_calc_item_stats
1,1,2c814:evt_rpg_calc_mario_damage
1,1,2cc78:evt_rpg_wakeup_check
1,1,295bc:evt_rpg_underchomp_name_grab
1,1,2cdcc:evt_rpg_effects_handle
1,1,2cadc:evt_rpg_menu_effects_handler
1,1,2c8a0:evt_rpg_mario_take_damage
8010C100:evt_pouch_add_hp
1,1,2c710:evt_rpg_enemy_take_damage
1,1,2c938:evt_rpg_point_calculation
1,1,2cfb8:evt_rpg_point_handling
8010C1F8:evt_pouch_add_xp
8010C1AC:evt_pouch_get_xp
8010C7F0:evt_pouch_get_next_level_xp
8010C774:evt_pouch_get_level
8010C7C0:evt_pouch_set_level
8010C130:evt_pouch_get_max_hp
8010C17C:evt_pouch_set_max_hp
8010C258:evt_pouch_get_attack
8010C228:evt_pouch_set_attack
8010C084:evt_pouch_set_hp
8010C3B0:evt_pouch_check_have_item
8010C404:evt_pouch_remove_item
800D2A98:evt_snd_sfxon_character
800D4AFC:evt_sub_get_language
80129D7C:marioCalcDamageToEnemy
800CC1B8:effNiceEntry
800F2460:evt_mario_fairy_reset
800D23C0:evt_snd_bgmoff_f_d
800EFAA0:evt_mario_set_pos
800F0584:evt_mario_pos_change
800EFEA0:evt_mario_direction_face
800D2B68:evt_snd_sfxon_3d
800DFF5C:evt_cam_shake
8010B8D0:evt_npc_tribe_agb_async
800EFE40:evt_mario_direction_reset
800D3110:evt_snd_sfxoff
801038F8:evt_npc_set_unitwork
800E0650:evt_cam_look_at_door
1,1,31928:evt_an_remove_npcs
800DD20C:evt_inline_evt
8012A054:marioTakeDamage
1,5,fcf74:begin_rpg_parent_evt
800D31CC:evt_snd_get_last_sfx_id
800D3140:evt_snd_sfx_fadeout
1,1,29620:evt_rpg_calc_damage_to_enemy
1,1,2c998:evt_rpg_enemy_death_check
1,1,2ca30:evt_rpg_status_remove
1,5,f9120:rpg_snd_miss_evt
1,5,f90d4:rpg_snd_hit_evt
800EFA20:evt_mario_get_character
800D299C:evt_snd_sfxon
800FBD44:evt_msg_print_add_insert
800EFA70:evt_mario_set_character
800D3480:evt_snd_sfx_wait_name
1,1,29554:evt_rpg_char_get
1,5,f91e8:rpg_attacking_evt
1,5,f9640:rpg_use_pixls_evt
1,5,fa168:rpg_use_items_evt
1,5,fb580:rpg_run_away_evt
1,5,fc158:rpg_check_win_or_continue_evt
1,5,fbe18:underchomp_attack_3_evt
1,5,fbad8:underchomp_attack_2_evt
1,5,fb798:underchomp_attack_1_evt
800D3600:evt_snd_envon_f
800D2328:evt_snd_bgmon_f_d
800D2394:evt_snd_bgmoff
800F1A6C:evt_mario_set_pose
1,1,27bf4:evt_rpg_change_menu_flag
800E7330:evt_fade_callfade
1,1,27c0c:evt_rpg_choice_handler
1,1,2c9f8:evt_rpg_effect_check
1,1,278fc:evt_rpg_npctribe_handle
800D3654:evt_snd_string_call
800ECA18:evt_img_release
800ECA74:evt_img_wait_animend
800EC934:evt_img_free_capture
800EC640:evt_img_alloc_capture
800EC5AC:evt_img_set_paper_anim
800EC500:evt_img_set_paper
800EC41C:evt_img_entry
8010C04C:evt_paper_delete
8010BFEC:evt_paper_entry
800EE6B0:evt_mapdisp_onoff
1,5,fcef8:final_rpg_child_evt
800E0F50:evt_exit_case_evt
800E0F78:evt_del_case_evt
1,1,3183c:evt_an_darkness_onoff
800EDE2C:evt_map_checkanim
800EDD84:evt_map_playanim
800E0584:evt_cam_zoom_to_coords
800E471C:evt_door_set_event
1,1,2d070:evt_an2_08_draw_face
800FBCA8:evt_msg_print_add
800F018C:evt_mario_face_coords
800fc070:evt_msg_toge
8010C9E8:evt_pouch_increment_enemies_defeated
800D4874:evt_sub_set_game_speed
800E0074:evt_cam3d_evt_zoom_in
800EE318:evt_mapobj_get_position
800E66E0:evt_env_blur_on
80102908:evt_npc_stats_set_up
80106F90:evt_npc_id_to_name
800E71A4:evt_fade_entry
800559D8:camGetCurNo
800568E8:cam3dMain
804C9F80:camPtrTbl
80179C38:seq_mapChangeMain
80025014:getItemUseEvt
8002F1E0:msgUnLoad
8002EFB4:msgLoad
1,1,31620:evt_an_init_tpl
800FDBA8:evt_npc_get_position
1,5,a8ccc:mr_l_appear_evt
1,5,a9648:brobot_appear_evt
8023950C:spsndSFXOn
800D2E74:evt_snd_sfxon_3d_player_character
800D2C90:evt_snd_sfxon_npc
800D2D00:evt_snd_sfxon_npc_delay
800E6778:evt_env_static_blur_on
1,1,166e4:func_80c5c36c
80102E60:func_80103410
800E629C:evt_eff_softdelete
800F2F78:evt_mario_set_anim_change_handler
800FF65C:evt_npc_walk_to
800E5910:evt_eff
8010761C:evt_npc_set_camid
800FE3B0:func_800fe92c
800FE0EC:evt_npc_rotate
1,5,a87a8:spMrLTribeAnimDefs
1,5,a8930:spTheGreenThunderTribeAnimDefs
1,1,164c8:spReturnAngryAnimPos
1,5,a8890:spMrLTauntTribeAnimDefs
1,1,1667c:func_80c5c304
1,5,a87a0:spMrLStartTribeAnimDefs
800F1AD8:evt_mario_wait_anim
800FFF44:evt_npc_jump_to
1,5,aa470:evt_door_openable_onoff
1,6,920:rpgdrv_wp
1,1,26c80:func_80c6c908
8014E9E4:pouchGetPixlInfo
8019C56C:qqsort
8014E8FC:pouchGetCharInfo
1,5,f8fb0:lbl_80def2c8

// new to SPM-RPG-Battles V2
800DFAFC:evt_ac_entry
800DFB54:evt_ac_return_results
800DFC00:evt_ac_delete
8003ECCC:acMain
8003F210:acEntry
8003F460:acReturnResults
8003F468:acDelete
8028F4F0:GXInitTexObj
8028f744:GXInitTexObjLOD
802E1170:TPLGetGXTexObjFromPalette
80072598:iconEntry
80073808:iconGX
8007207C:iconMain
800444EC:animPoseGetLoopTimes
800BC9C4:damageEffect
800B5AD4:effMapBlockDelEntry
800C1EFC:effSmallStarEntry
800DEF0C:evtGetFloat
800E7558:evt_fairy_all_enter_run_mode1
800E75AC:evt_fairy_all_enter_run_mode2
800E7EDC:evt_fairy_fly_to
800E8638:evt_fairy_reset
800E8830:evt_fairy_set_anim
800E889C:evt_fairy_wait_anim_end
800F0E70:evt_mario_jump_to
804A4700:evt_memcard_save
800F3CA8:evt_mobj_set_rotation
800F3BA0:evt_mobj_set_scale
801097F0:evt_npc_set_disp_callback
80109E68:evt_npc_wait_for
8010C380:evt_pouch_add_item
8010C54C:evt_pouch_set_pixl_selected
80105DE0:evt_read_setup_file
8002EC04:func_8002ed80
8002EC14:func_8002ed90
800D8854:func_800d8700
800F12B4:func_800f119c
800F1B64:func_800f1a4c
801EFD98:func_801f0d30
801F08E8:func_801f1880
801F1B1C:func_801f2af8
8006B948:hitDelete
8056C9D0:icondrv_wp
801809C8:levelUpWindowMain
80109350:marioLuigiNpcDispCb
8002C888:mobjCalcMtx
8002B4E8:mobjDelete
8002B214:mobjEntry
8002E9BC:mobjGetModelName
8002D4C4:mobjHitOff
8002C804:mobjRunEvent
8002B5B0:mobjSetPosition
801B575C:npcEntry
8056CB88:npcdrv_wp
80109770:oChunksNpcDispCb
8014F2DC:pouchSetEnemiesDefeated
803C8DB8:acdrv_acDefs
80072AD0:iconDelete
80072B64:iconDisp
8007469C:iconFlagOn
80074518:iconNameToPtr
803BE650:item_data_map_darken_evt
803BE6C8:item_data_map_lighten_evt
1,1,27044:func_80c6cccc
8056C900:item_event_data_wp
80131488:marioGetHitboxWidth

// new to Super Duper Paper Mario 
8010BE90:evt_offscreen_entry
8010BEC0:evt_offscreen_delete
8010BEF0:evt_offscreen_get_boundingbox2
801C3DF0:npcGetFrameBoundingBox
800E89A8:evt_frame_offscreen_draw_flag_onoff
800E8A24:evt_frame_offscreen_entry
800E8B28:evt_frame_bind_offscreen
800E8BAC:evt_frame_set_img_anim
800E8C08:evt_frame_set_color
800E8D3C:evt_frame_wire_entry
800E8E24:evt_frame_wire_wait_draw_finished
800E8E60:evt_frame_set_draw_speed
800E8EEC:evt_frame_set_wire_color
800E8F80:evt_frame_set_wire_line_width
800E8FE8:evt_frame_set_wire_draw_rotation
800E90A0:evt_frame_evt_entry
800E9180:evt_frame_set_rotation
8003535C:offscreenSetEntryType
800B31B0:effHappyFlower
800E7640:evt_fairy_set_pos
800E8978:evt_frame_delete
8010cadc:evt_seq_mapchange
800E7360:evt_set_transition
80126314:marioChgPaper
8012671C:marioGetScreenPos
8012655C:marioPaperOff
80126480:marioPaperOn
80109450:peachNpcDispCb
1,1,24c58:evt_npc_sammer_display_count
1,1,3896c:evt_bos_01_pure_heart_set_pos

// new to rld3 v1
8025C950:strcat
80296540:IOS_Read
80296A68:IOS_Ioctl
80293A8C:MEMAllocFromExpHeapEx
80273BE8:__OSReboot
8026F338:Run
8056d570:SaveStart
8056d574:SaveEnd

// too lazy to put this anywhere else lmao i have a lot of ports to do 
8014CE18:pouchSetMaxHp
8014CD78:pouchSetHp
8014CB20:pouchSetLevel
8014CCF8:pouchSetAttack
8014CEAC:pouchSetCoin
8014CEE0:pouchGetCoin
8014CEF0:pouchAddCoin
8014F12C:pouchGetCardCount
80101FC4:evt_npc_glide_to
8010380C:evt_npc_get_unitwork
801038F8:evt_npc_set_unitwork
800D8A60:make_jump_table
8010284C:evt_npc_set_hp
801026CC:evt_npc_get_hp
8010278C:evt_npc_get_max_hp
800D9A98:evtDelete
8041D258:superDimentioHeadDefenses
8041D270:superDimentioBodyDefenses
800D8C80:evtmgrReInit
803E8718:marioMotTbl
803E3C30:saffronCookingScript
803C1070:default_item_use_evt
801548A0:marioStatusApplyStatuses
8010814C:evt_npc_get_active_count
80102648:evt_npc_restart_evt_id
800FF37C:func_800ff8f8
80107688:func_80107c38
80104FA0:evt_npc_wait_flip_finished
80104FF4:evt_npc_finish_flip_instant
80105158:evt_npc_flip_to
801051B8:evt_npc_flip
801E4A68:npc_dimeen_l_determine_move_pos
804189E0:dimen_unk_fight_script_1
80418A30:dimen_unk_fight_script_2
8041A8A0:dimen_unk_fight_script_3
8019BC70:distABf
80104ADC:evt_npc_get_property
8021C418:ninjoe_bomb_calc_chance
801CB2B4:npcDamageMario
8056c9d0:icondrv_wp
804A4700:evt_memcard_save
800F00D0:evt_mario_face_npc
8012A9EC:marioSetInvincibility
800FBF90:evt_msg_select
80105374:evt_npc_get_axis_movement_unit
800D48A8:evt_sub_get_mapname
800FBB1C:evt_msg_print_insert
80101998:evtNpcNameToPtr_NoAssert
800ed02c:evt_item_flag_onoff
800ed280:evt_item_wait_collected
80161D98:boomerFuseMain
8010C2D4:evt_pouch_set_coins
800D7ACC:evt_sub_item_select_menu
800EFDF8:evt_mario_get_height
801C7CC4:npcFleeped
80107F4C:npc_dimeen_l_box_deal_damage
801B26CC:npcHandleCollision
8010C304:evt_pouch_get_coins
801c58dc:npcTakeDamage
800FB15C:evt_mobj_save_blk
801C1424:npcGetMaxEntries
803F8378:wracktail_defeat
8010443C:func_801049ec
8010448C:func_80104a3c
80106CF4:func_801072a4
80213BF8:func_802154fc
80213C10:func_80215514
80213C3C:func_80215540
80214640:func_80215f44
80222DF8:func_80224804
80222E68:func_80224874
80223974:func_80225380
800FE9B4:evt_npc_set_scale
80106804:evt_npc_spawn_sammer_guy
8021D26C:ninjoe_thoreau_override

// new to SPMMulti
80179B10:seq_mapChangeInit
801087E8:evt_npc_set_part_attack_power
801C9324:func_801ca1a4
803D654C:evt_door_dan_dokan_left_one
803D6618:evt_door_dan_dokan_left_two
803D6668:evt_door_dan_dokan_left_three
803D6720:evt_door_dan_dokan_left_four
803D6BB8:evt_door_dan_dokan_right_one
803D6CEC:evt_door_dan_dokan_right_two
803D6D3C:evt_door_dan_dokan_right_three
803D6DF4:evt_door_dan_dokan_right_four
1,5,153528:aa1_01_mario_house_transition_evt
80444090:kameks_unk7
8044491C:dark_broom_kamek_unk7
8049CF44:skellobits_unk7
8049CD28:skellobits_unk2
8049D2B4:skellobits_unk8
80100180:evt_npc_arc_to
80101FC4:evt_npc_glide_to
80105374:evt_npc_get_axis_movement_unit
8010380C:evt_npc_get_unitwork
801028B8:evt_npc_delete
800F041C:evt_mario_walk_to
800F00D0:evt_mario_face_npc
800E63A4:evt_eff_fukidashi
8010C304:evt_pouch_get_coins
8010C350:evt_pouch_add_coins
800D4ECC:evt_sub_hud_configure
8010CB80:evt_shop_wait_coin_sfx
80105420:evt_npc_set_axis_movement_unit

// Autogenerated Pit Rando beta v2 LST port
8019BC70:distABf
803C7AB8:msgdrv_msgIcon
80044B14:animPoseSetMaterialEvtColor
800446A0:animPoseSetMaterialFlagOff
800445BC:animPoseSetMaterialFlagOn
801224C4:marioChkKey
80261EC4:floor
801B6300:npcNameToPtr_NoAssert
8003C72C:winMgrSelect
8003C790:winMgrSelectDelete
8003BAFC:winMgrSelectEntry
801CB2B4:npcDamageMario
800FB2C4:_evt_msg_print
801C174C:npcGetPartById
8027944C:PSVECSquareDistance
800FD918:evtNpcNameToPtr
80044F60:animPoseSetDispCallback2
801548A0:marioStatusApplyStatuses
8056CAA8:seq_mapchange_wp
8007F064:mapGetWork
801C8C48:npcGetTribe
804D2370:pausewinCardDescBuf
8056CBC0:search_wp
801C74C0:npcHandleHitXp
801C58DC:npcTakeDamage
80032668:msgSearchNoFallback
8024407C:searchGetNpcMsg
8004C3A0:animGroupBaseAsync
80187DA8:pausewinSetMessageCard
800816E8:mapLoad
801615E4:onHpEquals0
801881E4:pluswinKeyItemMain
80474018:npc_tile_common_onspawn_evt
8045471C:goomba_unk2_child
8021C418:ninjoe_bomb_thing
80110D64:evt_shop_build_flimm_pit_item_tables
803C1070:default_item_use_evt
8014426C:func_80144908
801E4A68:dimen_determine_move_pos
800FE9B4:evt_npc_set_scale
80102E60:evt_npc_wait_anim_end
800D48A8:evt_sub_get_mapname
80107770:evt_npc_unfreeze_all
800EFDF8:evt_mario_get_height
800D464C:evt_key_get_button
800F29D8:evt_mario_take_damage
800DFEDC:evt_cam_get_pos
800D7ACC:evt_sub_item_select_menu
80109DCC:evt_npc_set_animpose_disp_callback
8010774C:evt_npc_freeze_all
800D3890:evt_snd_set_sfx_reverb_mode
800D763C:evt_sub_display_room_name
800F3648:evt_mobj_exec_cancel
8010278C:evt_npc_get_max_hp
80102AA4:evt_npc_add_flip_part
801040E4:evt_npc_set_move_mode
803CC6A8:whacka_defenses
803CC6C8:whacka_anim_defs
800ED02C:evt_item_flag_onoff
800ED280:evt_item_wait_collected
800D4398:evt_sub_get_dist
80104144:evt_npc_get_damage_type
80102648:func_80102bf8
800EABDC:evt_guide_get_can_search
800F3E44:evt_mobj_wait_animation_end
800F39F4:evt_mobj_get_position
800F3DB0:evt_mobj_set_anim
800FBB1C:evt_msg_print_insert
800EDB04:evt_map_set_blend
800D2D9C:evt_snd_sfxon_3d_player
800D2654:evt_snd_get_bgm_wait_time
800F3A98:evt_mobj_set_position
800F36C0:evt_mobj_hit_onoff
800E034C:func_800e01f8
800EB5AC:evt_hit_bind_mapobj
800EB654:evt_hit_bind_update
8010C2D4:evt_pouch_set_coins
80107688:func_80107c38
80105158:evt_npc_flip_to
80104FF4:evt_npc_finish_flip_instant
800FF37C:func_800ff8f8
801051B8:evt_npc_flip
80104FA0:evt_npc_wait_flip_finished
800E72B0:evt_fade_set_center_pos
800F3374:evt_mario_check_3d
1,1,c7e0:mi4MimiHolographicEffect
8012AA54:marioCheck3d
803FB718:npc_drop_item_evt
801FE64C:lakitu_spawn_spiny
8021FB6C:backCursyaHit
8043ECB8:lakitu_onspawn_child
8010B850:evt_npc_agb_async
801FE8D0:lakitu_count_spinies
801997A8:hudDisp
80238C34:__spsndSFXOn
802396B4:spsndSFXOn_3D
80094254:effSpmHitEntry
8019BAF0:getSpmarioDVDRoot
80239524:spsndSFXOnVol
8017B40C:getDanMapName
801B0E40:func_801b19e4
8010C660:evt_pouch_check_free_use_item
// 2023-09-02
802960A0:IOS_OpenAsync
802962D8:IOS_CloseAsync
80296440:IOS_ReadAsync
80296648:IOS_WriteAsync
80296748:IOS_Write
80296850:IOS_SeekAsync
80296F7C:iosCreateHeap
80296930:IOS_IoctlAsync
80296CD4:IOS_IoctlvAsync
80296DB8:IOS_Ioctlv
802970AC:iosAlloc
1,5,18fa8:mac_02_init_evt
8056D450:errno
8027564C:OSCreateThread
80275610:OSYieldThread
80275CB4:OSResumeThread
802588e8:memcmp

// new to v10
8056CAD0:seq_load_sub_wp
8056CBB0:nandmgr_wp
8023950C:spsndSFXOn
8017C96C:seq_load_sub_loadMain

// 2025-09-27
80067758:fadeGetMapChangeInTransition
80067764:fadeGetMapChangeOutTransition
80067784:fadeGetFadeOutLength
80067790:fadeGetFadeInLength
8006779C:fadeSetTransitionLengths
8056D228:fadedrv_wp

// New to SPM door rando 
8014EAB8:pouchMakePixlNotSelectable
8014E97C:pouchMakeCharNotSelectable