// OS Globals
800000e4:currentThread
800030c8:firstRel
800030cc:lastRel

// Automatically generated from spm.eu0.lst 
80004000:memcpy
80004104:memset
800293E4:mapDataPtr
803C4EF8:mapData
8002C7EC:mobjNameToPtrNoAssert
80032610:msgSearch
80037DB0:swInit
80037E4C:swReInit
80037EB0:swSet
80037EF0:swGet
80037F38:swClear
80037F78:swByteSet
80037FFC:swByteGet
80038020:_swSet
80038060:_swGet
800380A8:_swClear
800380E8:_swByteSet
800380F8:_swByteGet
8003AA84:windowDispGX2_Waku_col
8005AE0C:dispEntry
80061C80:func_80061d78
80067700:fadeIsFinish
800730B8:iconDispGx
80078A44:itemEntry
803B7CD8:itemDataTable
803BD950:itemEventDataTable
800D89D4:evtGetWork
800D8D78:evtEntry
800D8FE4:evtEntryType
800D9250:evtChildEntry
800D9560:evtBrotherEntry
800D9D78:evtCheckID
800DD6F0:evt_debug_put_msg
800DD724:evt_debug_put_reg
800DE784:evtGetValue
800DEBA8:evtSetValue
804CB6B0:evt_debug_put_reg_str
800E729C:evt_fade_end_wait
800E83B0:evt_fairy_flag_onoff
800EA730:evt_guide_flag2_onoff
800EA838:evt_guide_check_flag0
800EF338:evt_mario_flag8_onoff
800EF4C8:evt_mario_key_off
800EF4A4:evt_mario_key_on
800EF8C4:evt_mario_get_pos
800F2320:evt_set_gravity
800F3378:evt_mobj_delete
800F881C:evt_mobj_blk
800FB688:evt_msg_print
800FBAA8:evt_msg_continue
80109F50:evt_npc_teleport_effect
8010C604:evt_seq_set_seq
8010C67C:evt_seq_wait
8012150C:marioGetPtr
8012212C:marioCtrlOffChk
80122140:marioKeyOffChk
8012AAB0:marioSetGravity
80146460:func_80146f0c
8014B5DC:pouchGetPtr
8014C9AC:pouchGetHp
8014C9BC:pouchAddHp
8014CA4C:pouchGetXp
8014CA5C:pouchAddXp
8014D4A0:pouchRemoveItem
8014E0BC:pouchRemoveShopItem
8014E870:pouchGetCurPixl
8014EF74:pouchCountUseItems
8014F024:pouchCountKeyItems
8014F0CC:pouchCountShopItems
8014F174:pouchCountChars
8014F1C4:pouchCountPixls
80178578:seq_logoMain
8017C1F4:seq_gameInit
8017B2DC:seqInit_SPMARIO
8017B31C:seqMain
8017B424:seqSetSeq
8017B434:seqGetSeq
804D0BE0:seqWork
8018473C:pausewinPauseGame
80184880:pausewinUnpauseGame
801951C4:charPixlItemWinIsClosed
8019C42C:irand
8019B724:__assert2
8019F288:fontmgrInit
8019F340:FontDrawStart
8019F420:FontDrawStart_alpha
8019F4F8:FontDrawEdge
8019F504:FontDrawEdgeOff
8019F510:FontDrawRainbowColor
8019F5B0:FontDrawRainbowColorOff
8019F5B8:FontDrawNoise
8019F6C4:FontDrawNoiseOff
8019F6F0:FontDrawColorIDX
8019F788:FontDrawColor
8019F824:FontDrawColor_
8019F8AC:FontGetDrawColor
8019F8B4:FontDrawScale
8019F8CC:FontDrawCode
8019FAE4:FontDrawCodeMtx
8019FCA4:FontDrawString
8019FCE8:FontDrawStringVecPitch
801A00B0:FontDrawStringMtx
801A04B0:FontDrawStringCenterMtx
801A07EC:FontDrawMessage
801A1020:FontDrawMessageMtx
801A17A8:hankakuSearch
801A17B0:kanjiSearch
801A17B4:kanjiGetWidth
801A182C:FontGetMessageWidthLine
801A1B7C:FontGetMessageWidth
801A1B84:HSV2RGB
801A7200:spmarioInit
801A7794:spmarioMain
801A7A04:spmarioDisp
801A7A2C:spmarioSystemLevel
801A7AA8:spmarioGetSystemLevel
801A7AB0:viPostCallback
801A7C48:wiiDvdCheckThread
801A8070:wiiRumbleCheck
8056C9F8:gp
803EA128:seq_data
801A5690:__memAlloc
801A5714:__memFree
803EBD68:size_table
8056C9E8:memory_wp
8056C9EC:memory_swp
80235778:wpadGetButtonsHeld
802357A0:wpadGetButtonsPressed
802357B4:wpadGetButtonsHeldRepeat
8023AA2C:spsndBGMOn
8023C52C:relInit
8023C53C:relMain
8023C6F8:isRelLoaded
8056CA20:relmgr_wp
8056CA24:relDecompName
8056CA28:relCompName
80278120:PSMTXIdentity
8025AF44:sprintf
80258720:memmove
8025C7A8:strcpy
8025C924:strcmp
8025CA40:strncmp
8025C630:sscanf
80264EC4:strlen
8026DF00:DCFlushRange
8026DF88:ICInvalidateRange
8026EB10:OSReport
80270868:OSFatal
80271D88:OSDisableInterrupts
80271DB0:OSRestoreInterrupts
80276220:OSGetTime
80293B68:MEMGetAllocatableSizeForExpHeapEx
80293C40:MEMGetSizeForMBlockExpHeap
802976EC:NANDCreateAsync
8029788C:NANDDeleteAsync
80297A8C:NANDReadAsync
80297B6C:NANDWriteAsync
802985EC:NANDSafeOpenAsync
80298B48:NANDSafeCloseAsync
80299A94:NANDChangeDirAsync
80299CA8:NANDGetHomeDir
8029A460:NANDCheckAsync
802E0448:CXGetUncompressedSize
802E0488:CXUncompressLZ
802E05BC:CXGetCompressionHeader

// new to v2
800E27F8:evt_door_set_door_descs
800E3770:evt_door_set_dokan_descs
800E4300:evt_door_set_map_door_descs
8019D60C:OSPanic
801A6B60:romFontPrintGX
801A7068:romFontGetWidth
8056C9F0:romfont_wp
8056d241:spmario_doShutdown
801A8784:DEMOBeforeRender
801A884C:DEMODoneRender
80236688:spsndExit
8026E7E4:OSDumpContext
8026EE28:__OSUnhandledException
804A8E58:__OSUnhandledException_msg1
804A8F04:__OSUnhandledException_msg2
804A8F68:__OSUnhandledException_msg3
80271344:OSGetFontEncode
80271718:OSLoadFont
80271AF8:OSGetFontTexel
80273E84:OSShutdownSystem
80275EAC:OSSuspendThread
80278120:PSMTXIdentity
80278E5C:C_MTXOrtho
80281658:VIWaitForRetrace
802825DC:VIFlush
8028275C:VISetBlack
802920C4:GXSetProjection
80296118:IOS_Open
802962F8:IOS_Close
1,1,52e4:evt_machi_set_elv_descs

// new to v4
80055A2C:camGetPtr
803DD090:mobj_save_blk_sysevt
801221B8:marioKeyOff
801221F0:marioKeyOn
8017A35C:_unload
801986BC:hudLoadStats
80198CFC:hudHide
8023AA38:spsndBGMOff_f_d
8023CA3C:nandGetSaveFiles
8023CE1C:nandUpdateSave
8023d030:nandLoadSave

// new to v6
8007BBD4:itemTypeNameToId
8019E9F4:fileAllocf
8019ED5C:fileFree
8019EF2C:fileAsyncf
801A6258:__dl__FPv
801A62C0:parseInit
801A62E0:getTag
801A6364:parsePush
801A6518:parsePop
801A6530:parsePopNext
801A6564:parseGet1Next
801A68AC:parseTagGet1
8023f8f0:homebuttonMain
8056ca38:homebuttondrv_wp
80368A30:pitText
802797C0:DVDConvertPathToEntrynum
8056CB58:devDiStr
1,1,3be00:evt_dan_read_data
1,6,b48:dan_wp

// new to v8
8002C738:mobjNameToPtr
800423A4:animPoseEntry
80043318:animPoseSetAnim
80045190:animPoseMain
800496D0:animPoseDrawMtx
80049ECC:animPoseRelease
8004A4C4:animPoseAutoRelease
8004C730:animPoseGetAnimBaseDataPtr
80055A40:camGetCurPtr
8005819C:getScreenPoint
8005AAEC:caseCheckHitObj
8006F828:hitNameToPtr
8006C3BC:hitGrpFlagOn
8006C5B4:hitGrpFlagOff
8006ED34:hitCheckFilter
8006FEEC:hitObjGetPos
800702B8:hitGetMapEntryBbox
80077568:itemGetWork
8007D7BC:itemCheckForId
8008D1E4:mapGrpFlagOn
8008D5B0:mapGrpFlagOff
8008E3D0:mapGrpFlag4On
800B4488:func_800b426c
800CD770:func_800cd554
800D2364:evt_snd_bgmon
800D393C:func_800d36f4
800D3A20:evt_sub_intpl_msec_init
800D3AC0:evt_sub_intpl_msec_get_value
800D42EC:evt_sub_random
800D502C:func_800d4de4
800D76E8:func_800d74a0
800DDF4C:evtmgrCmd
800DF3EC:evtSetFloat
800E13C8:evt_door_wait_flag
800E1398:evtDoorGetActiveDoorDesc
800E27F8:evt_door_set_door_descs
800E3770:evt_door_set_dokan_descs
800E4300:evt_door_set_map_door_descs
800E44F0:evt_door_enable_disable_map_door_desc
803DBC68:door_init_evt
8056C8A0:evt_door_wp
800EB5E0:evt_hitobj_attr_onoff
800EDDD8:evt_mapobj_flag_onoff
800EDEA0:evt_mapobj_flag4_onoff
800ED574:evt_mapobj_trans
800EDA08:evt_mapobj_color
800F357C:evt_mobj_flag_onoff
800F5718:evt_mobj_zyo
800F5DEC:evt_mobj_thako
800F6080:evt_mobj_kan
800F6250:evt_mobj_arrow
800FD890:evt_npc_set_position
8010259C:evt_npc_entry
80102694:func_80103054
80102748:evt_npc_set_anim
80103CD4:func_80104694
80102CCC:evt_npc_flag8_onoff
80102FF8:evt_npc_animflag_onoff
801042D4:evt_npc_set_property
801045EC:evt_npc_modify_part
80105010:func_801059d0
80105D64:evt_npc_entry_from_template
8010733C:func_80107cfc
80107360:func_80107d20
801077D4:func_80108194
801112F8:evt_shop_set_defs
8014CB4C:pouchAddItem
8014D148:pouchCheckHaveItem
8017AFFC:getNextDanMapname
80183F88:pausewinEntry
801843F8:pausewinMoveTo
80184448:pausewinAppear
80184480:pausewinDisappear
801844B8:pausewinDelete
80187878:pausewinSetMessage
80189060:pluswinChapterWinOpen
8056C970:pausewin_pluswinWp
8056d1b0:pausewin_wp
80198EF0:hudStartCountdown
8019C328:rand
8019D264:DVDMgrOpen
8019D3BC:DVDMgrRead
8019D5B0:DVDMgrClose
8019D5F0:DVDMgrGetLength
801A2BD8:gxsubInit_Tpl
801A2D18:gxsubDrawTextureMtx
801A304C:gxsubDrawTexture
801A33BC:gxsubGetTexWidth
801A3414:gxsubGetTexHeight
801A346C:gxsubEnableTexAlpha
801A347C:gxsubInit
801A3590:gxsubInit_Cam
801A35C4:gxsubInit_Colour
801A36FC:gxsubDrawQuad
801A38C8:gxsubDrawQuadMtx
801A3A9C:gxsubDrawQuadGradient
801A3CB4:gxsubDrawLineSquare
801A3EA8:gxsubDrawLineSquareMtx
801A40C8:gxsubDrawDottedLine
801A4558:gxsubDrawLine
801A4704:gxsubDrawSphere
801ad0e8:npcDispMain
801B5F40:npcNameToPtr
801BEC24:npcSearchAnimDefs
801C8944:npcGetWorkPtr
801e27f8:npcDropItem
803FD5F0:npcTribes
8040AF48:npcEnemyTemplates
80253F50:__div2i
8025ADEC:vsprintf
8025AE6C:snprintf
8025AF44:sprintf
8025CAB0:strstr
8025C868:strncpy
8025CA80:strchr
80261D4C:cos
80262158:sin
80272ABC:OSLink
80278664:PSMTXTrans
80278698:PSMTXTransApply
802786E4:PSMTXScale
8027870C:PSMTXScaleApply
8028C064:GXSetVtxDesc
8028C8F4:GXClearVtxDesc
8028C928:GXSetVtxAttrFmt
8028D264:GXSetNumTexGens
8028DDE0:GXBegin
8028E0A8:GXSetCullMode
8028F1A4:GXSetNumChans
8028F1C8:GXSetChanCtrl
80290884:GXSetTevOp
80290CC0:GXSetAlphaCompare
80290D84:GXSetTevOrder
80290EE0:GXSetNumTevStages
80290F04:GXSetFog
80291254:GXSetBlendMode
802912FC:GXSetZMode
80291330:GXSetZCompLoc
802921B4:GXLoadPosMtxImm
8029225C:GXSetCurrentMtx
802687F0:EXIImm
80268C08:EXISync
80268F08:__EXIProbe
80269258:EXISelect
80269388:EXIDeselect
802699EC:EXILock
80269AE8:EXIUnlock
80269BE8:EXIGetID
804F6758:Ecb
802E0F9C:TPLBind
800D49BC:evt_sub_get_entername
1,1,3c0d8:evt_dan_handle_map_parts
1,1,3c398:evt_dan_handle_dokans
1,1,3c5ec:evt_dan_handle_doors
1,1,3ca0c:evt_dan_get_door_names
1,1,3ca74:evt_dan_get_exit_door_name_l
1,1,3caac:evt_dan_get_enemy_info
1,1,3cc88:evt_dan_make_spawn_table
1,1,3d190:evt_dan_get_enemy_spawn_pos
1,1,3d38c:evt_dan_decide_key_enemy
1,1,3d438:danCountdownDone
1,1,3d448:evt_dan_start_countdown
1,1,3d478:danCheckKeyInMapBbox
1,1,3d568:danCheckEnemyInMapBbox
1,1,3d694:evt_dan_handle_key_failsafe
1,1,3d7cc:evt_dan_handle_chest_room_dokans_and_doors
1,1,3d878:evt_dan_get_chest_room_item
1,1,3d8e0:evt_dan_boss_room_set_door_name
1,1,3d91c:func_80c839cc
1,1,3d98c:wracktailDispCb
1,1,3db54:evt_dan_set_wracktail_disp_cb
1,1,3db98:func_80c83c48
1,1,3dbe8:screenBlinkDisp
1,1,3de78:evt_dan_screen_blink
1,1,3debc:func_80c83f6c
1,5,1595d0:danMapParts
1,5,159610:danDokanDescs
1,5,159710:danMapDoorDescs
1,5,159750:danFlipsideLockItems
1,5,159758:danFlopsideLockItems
1,5,159760:dan_lock_interact_evt
1,5,159838:dan_lock_open_evt
1,5,159870:dan_enemy_room_init_evt
1,5,159c38:danChestRoomDokanDesc
1,5,159c58:danChestRoomMapDoorDescs
1,5,159c98:dan_exit_pipe_sign_interact_evt
1,5,159cd0:dan_chest_open_evt
1,5,159e08:rotenShopItems
1,5,159f20:rotenShopDef
1,5,159f38:rotenTribeAnimDefs
1,5,159f78:dan_chest_room_init_evt
1,5,15a7c0:dan_30_map_door_desc
1,5,15a7e0:dan_30_dokan_desc
1,5,15a800:dan_70_dokan_desc
1,5,15a820:dan_30_init_evt
1,5,15aa50:dan_70_init_evt
1,5,15ac80:dashellTribeAnimDefs
1,5,15aca8:dan_30_chest_interact_evt
1,5,15adc0:dan_30_chest_open_evt
1,5,15b9c8:wracktailTribeAnimDefs
1,5,15ba10:dan_wracktail_main_evt
1,5,15cef8:dan_start_wracktail_evt
1,5,15cfd8:dan_70_mario_chest_open_evt
1,5,15d060:dan_70_dark_mario_chest_open_evt
1,5,15d0e8:dan_70_peach_chest_open_evt
1,5,15d170:dan_70_dark_peach_chest_open_evt
1,5,15d1f8:dan_70_bowser_chest_open_evt
1,5,15d280:dan_70_dark_bowser_chest_open_evt
1,5,15d308:dan_70_luigi_chest_open_evt
1,5,15d390:dan_70_dark_luigi_chest_open_evt
1,5,15d418:dan_shadoo_main_evt
1,5,15dc60:dan_shadoo_fight_evt
1,5,15e2a0:dan_shadoo_defeat_evt
1,5,15e3a4:dan_70_reward_appear_evt
1,5,15ef20:dan_start_shadoo_evt
1,5,d1958:sammerDefsCh6
1,5,d1e08:sammerDefsEndgame

// new to v9
80142930:marioChgMot
800677F0:fadeSetMapChangeTransition
8023B2A8:spsndCheckBgmPlaying

// new to rld3 v1
8025C8AC:strcat
802964A0:IOS_Read
802969C8:IOS_Ioctl
802939EC:MEMAllocFromExpHeapEx
80273B48:__OSReboot
8026F298:Run
8056d3f0:SaveStart
8056d3f4:SaveEnd
