// OS Globals
800000e4:currentThread
800030c8:firstRel
800030cc:lastRel

// Automatically generated from spm.eu0.lst 
80004000:memcpy
80004104:memset
800293E4:mapDataPtr
80399F98:mapData
8002C7EC:mobjNameToPtrNoAssert
80032610:msgSearch
80037DB0:swInit
80037E4C:swReInit
80037EB0:swSet
80037EF0:swGet
80037F38:swClear
80037F78:swByteSet
80037FFC:swByteGet
80038020:_swSet
80038060:_swGet
800380A8:_swClear
800380E8:_swByteSet
800380F8:_swByteGet
8003AA84:windowDispGX2_Waku_col
8005AE0C:dispEntry
80061C80:func_80061d78
80067700:fadeIsFinish
800730B8:iconDispGx
80078A44:itemEntry
8038CD78:itemDataTable
803929F0:itemEventDataTable
800D89D4:evtGetWork
800D8D78:evtEntry
800D8FE4:evtEntryType
800D9250:evtChildEntry
800D9560:evtBrotherEntry
800D9D78:evtCheckID
800DD6F0:evt_debug_put_msg
800DD724:evt_debug_put_reg
800DE784:evtGetValue
800DEBA8:evtSetValue
804A0730:evt_debug_put_reg_str
800E729C:evt_fade_end_wait
800E83B0:evt_fairy_flag_onoff
800EA730:evt_guide_flag2_onoff
800EA838:evt_guide_check_flag0
800EF338:evt_mario_flag8_onoff
800EF4C8:evt_mario_key_off
800EF4A4:evt_mario_key_on
800EF8C4:evt_mario_get_pos
800F2320:evt_set_gravity
800F3378:evt_mobj_delete
800F881C:evt_mobj_blk
800FB688:evt_msg_print
800FBAA8:evt_msg_continue
80109F50:evt_npc_teleport_effect
8010C604:evt_seq_set_seq
8010C67C:evt_seq_wait
8012150C:marioGetPtr
8012212C:marioCtrlOffChk
80122140:marioKeyOffChk
8012AAB0:marioSetGravity
80146460:func_80146f0c
8014B5DC:pouchGetPtr
8014C9AC:pouchGetHp
8014C9BC:pouchAddHp
8014CA4C:pouchGetXp
8014CA5C:pouchAddXp
8014D4A0:pouchRemoveItem
8014E0BC:pouchRemoveShopItem
8014E870:pouchGetCurPixl
8014EF74:pouchCountUseItems
8014F024:pouchCountKeyItems
8014F0CC:pouchCountShopItems
8014F174:pouchCountChars
8014F1C4:pouchCountPixls
80178554:seq_logoMain
8017C1D0:seq_gameInit
8017B2B8:seqInit_SPMARIO
8017B2F8:seqMain
8017B400:seqSetSeq
8017B410:seqGetSeq
804A5C60:seqWork
80184718:pausewinPauseGame
8018485C:pausewinUnpauseGame
801951A0:charPixlItemWinIsClosed
8019C408:irand
8019B700:__assert2
8019F264:fontmgrInit
8019F31C:FontDrawStart
8019F3FC:FontDrawStart_alpha
8019F4D4:FontDrawEdge
8019F4E0:FontDrawEdgeOff
8019F4EC:FontDrawRainbowColor
8019F58C:FontDrawRainbowColorOff
8019F594:FontDrawNoise
8019F6A0:FontDrawNoiseOff
8019F6CC:FontDrawColorIDX
8019F764:FontDrawColor
8019F800:FontDrawColor_
8019F888:FontGetDrawColor
8019F890:FontDrawScale
8019F8A8:FontDrawCode
8019FAC0:FontDrawCodeMtx
8019FC80:FontDrawString
8019FCC4:FontDrawStringVecPitch
801A008C:FontDrawStringMtx
801A048C:FontDrawStringCenterMtx
801A07C8:FontDrawMessage
801A0FFC:FontDrawMessageMtx
801A1784:hankakuSearch
801A178C:kanjiSearch
801A1790:kanjiGetWidth
801A1808:FontGetMessageWidthLine
801A1B58:FontGetMessageWidth
801A1B60:HSV2RGB
801A7194:spmarioInit
801A7728:spmarioMain
801A7998:spmarioDisp
801A79C0:spmarioSystemLevel
801A7A3C:spmarioGetSystemLevel
801A7A44:viPostCallback
801A7BDC:wiiDvdCheckThread
801A8004:wiiRumbleCheck
80541A78:gp
803BF198:seq_data
801A566C:__memAlloc
801A56F0:__memFree
803C0DE8:size_table
80541A68:memory_wp
80541A6C:memory_swp
8023570C:wpadGetButtonsHeld
80235734:wpadGetButtonsPressed
80235748:wpadGetButtonsHeldRepeat
8023A994:spsndBGMOn
8023C494:relInit
8023C4A4:relMain
8023C660:isRelLoaded
80541AA0:relmgr_wp
80541AA4:relDecompName
80541AA8:relCompName
80278080:PSMTXIdentity
8025AEAC:sprintf
80258688:memmove
8025C710:strcpy
8025C88C:strcmp
8025C9A8:strncmp
8025C598:sscanf
80264E2C:strlen
8026DE60:DCFlushRange
8026DEE8:ICInvalidateRange
8026EA70:OSReport
802707C8:OSFatal
80271CE8:OSDisableInterrupts
80271D10:OSRestoreInterrupts
80276180:OSGetTime
802938E8:MEMGetAllocatableSizeForExpHeapEx
802939C0:MEMGetSizeForMBlockExpHeap
8029746C:NANDCreateAsync
8029760C:NANDDeleteAsync
8029780C:NANDReadAsync
802978EC:NANDWriteAsync
8029836C:NANDSafeOpenAsync
802988C8:NANDSafeCloseAsync
80299814:NANDChangeDirAsync
80299A28:NANDGetHomeDir
8029A1E0:NANDCheckAsync
802E0234:CXGetUncompressedSize
802E0274:CXUncompressLZ
802E03A8:CXGetCompressionHeader

// new to v2
800E27F8:evt_door_set_door_descs
800E3770:evt_door_set_dokan_descs
800E4300:evt_door_set_map_door_descs
8019D5E8:OSPanic
801A6AF4:romFontPrintGX
801A6FFC:romFontGetWidth
80541A70:romfont_wp
805422c1:spmario_doShutdown
801A8718:DEMOBeforeRender
801A87E0:DEMODoneRender
8023661c:spsndExit
8026E744:OSDumpContext
8026ED88:__OSUnhandledException
8047DED8:__OSUnhandledException_msg1
8047DF84:__OSUnhandledException_msg2
8047DFE8:__OSUnhandledException_msg3
802712A4:OSGetFontEncode
80271678:OSLoadFont
80271A58:OSGetFontTexel
80273DE4:OSShutdownSystem
80275E0C:OSSuspendThread
80278080:PSMTXIdentity
80278DBC:C_MTXOrtho
802815B8:VIWaitForRetrace
8028253C:VIFlush
802826BC:VISetBlack
80291E44:GXSetProjection
80295E98:IOS_Open
80296078:IOS_Close
1,1,52e4:evt_machi_set_elv_descs

// new to v4
80055A2C:camGetPtr
803B2130:mobj_save_blk_sysevt
801221B8:marioKeyOff
801221F0:marioKeyOn
8017A338:_unload
80198698:hudLoadStats
80198CD8:hudHide
8023A9A0:spsndBGMOff_f_d
8023C9A4:nandGetSaveFiles
8023CD84:nandUpdateSave
8023cf98:nandLoadSave

// new to v6
8007BBD4:itemTypeNameToId
8019E9D0:fileAllocf
8019ED38:fileFree
8019EF08:fileAsyncf
801A6234:__dl__FPv
801A629C:parseInit
801A62BC:getTag
801A6340:parsePush
801A64F4:parsePop
801A650C:parsePopNext
801A6540:parseGet1Next
801A6888:parseTagGet1
8023f858:homebuttonMain
80541AB8:homebuttondrv_wp
80368830:pitText
80279720:DVDConvertPathToEntrynum
80541BD8:devDiStr
1,1,3be00:evt_dan_read_data
1,6,b48:dan_wp

// new to v8
8002C738:mobjNameToPtr
800423A4:animPoseEntry
80043318:animPoseSetAnim
80045190:animPoseMain
800496D0:animPoseDrawMtx
80049ECC:animPoseRelease
8004A4C4:animPoseAutoRelease
8004C730:animPoseGetAnimBaseDataPtr
80055A40:camGetCurPtr
8005819C:getScreenPoint
8005AAEC:caseCheckHitObj
8006F828:hitNameToPtr
8006C3BC:hitGrpFlagOn
8006C5B4:hitGrpFlagOff
8006ED34:hitCheckFilter
8006FEEC:hitObjGetPos
800702B8:hitGetMapEntryBbox
80077568:itemGetWork
8007D7BC:itemCheckForId
8008D1E4:mapGrpFlagOn
8008D5B0:mapGrpFlagOff
8008E3D0:mapGrpFlag4On
800B4488:func_800b426c
800CD770:func_800cd554
800D2364:evt_snd_bgmon
800D393C:func_800d36f4
800D3A20:evt_sub_intpl_msec_init
800D3AC0:evt_sub_intpl_msec_get_value
800D42EC:evt_sub_random
800D502C:func_800d4de4
800D76E8:func_800d74a0
800DDF4C:evtmgrCmd
800DF3EC:evtSetFloat
800E13C8:evt_door_wait_flag
800E1398:evtDoorGetActiveDoorDesc
800E27F8:evt_door_set_door_descs
800E3770:evt_door_set_dokan_descs
800E4300:evt_door_set_map_door_descs
800E44F0:evt_door_enable_disable_map_door_desc
803B0D08:door_init_evt
80541920:evt_door_wp
800EB5E0:evt_hitobj_attr_onoff
800EDDD8:evt_mapobj_flag_onoff
800EDEA0:evt_mapobj_flag4_onoff
800ED574:evt_mapobj_trans
800EDA08:evt_mapobj_color
800F357C:evt_mobj_flag_onoff
800F5718:evt_mobj_zyo
800F5DEC:evt_mobj_thako
800F6080:evt_mobj_kan
800F6250:evt_mobj_arrow
800FD890:evt_npc_set_position
8010259C:evt_npc_entry
80102694:func_80103054
80102748:evt_npc_set_anim
80103CD4:func_80104694
80102CCC:evt_npc_flag8_onoff
80102FF8:evt_npc_animflag_onoff
801042D4:evt_npc_set_property
801045EC:evt_npc_modify_part
80105010:func_801059d0
80105D64:evt_npc_entry_from_template
8010733C:func_80107cfc
80107360:func_80107d20
801077D4:func_80108194
801112F8:evt_shop_set_defs
8014CB4C:pouchAddItem
8014D148:pouchCheckHaveItem
8017AFD8:getNextDanMapname
80183F64:pausewinEntry
801843D4:pausewinMoveTo
80184424:pausewinAppear
8018445C:pausewinDisappear
80184494:pausewinDelete
80187854:pausewinSetMessage
8018903C:pluswinChapterWinOpen
805419F0:pausewin_pluswinWp
80542230:pausewin_wp
80198ECC:hudStartCountdown
8019C304:rand
8019D240:DVDMgrOpen
8019D398:DVDMgrRead
8019D58C:DVDMgrClose
8019D5CC:DVDMgrGetLength
801A2BB4:gxsubInit_Tpl
801A2CF4:gxsubDrawTextureMtx
801A3028:gxsubDrawTexture
801A3398:gxsubGetTexWidth
801A33F0:gxsubGetTexHeight
801A3448:gxsubEnableTexAlpha
801A3458:gxsubInit
801A356C:gxsubInit_Cam
801A35A0:gxsubInit_Colour
801A36D8:gxsubDrawQuad
801A38A4:gxsubDrawQuadMtx
801A3A78:gxsubDrawQuadGradient
801A3C90:gxsubDrawLineSquare
801A3E84:gxsubDrawLineSquareMtx
801A40A4:gxsubDrawDottedLine
801A4534:gxsubDrawLine
801A46E0:gxsubDrawSphere
801ad07c:npcDispMain
801B5ED4:npcNameToPtr
801BEBB8:npcSearchAnimDefs
801C88D8:npcGetWorkPtr
801e278c:npcDropItem
803D2670:npcTribes
803DFFC8:npcEnemyTemplates
80253EB8:__div2i
8025AD54:vsprintf
8025ADD4:snprintf
8025AEAC:sprintf
8025CA18:strstr
8025C7D0:strncpy
8025C9E8:strchr
80261CB4:cos
802620C0:sin
80272A1C:OSLink
802785C4:PSMTXTrans
802785F8:PSMTXTransApply
80278644:PSMTXScale
8027866C:PSMTXScaleApply
8028BDE4:GXSetVtxDesc
8028C674:GXClearVtxDesc
8028C6A8:GXSetVtxAttrFmt
8028CFE4:GXSetNumTexGens
8028DB60:GXBegin
8028DE28:GXSetCullMode
8028EF24:GXSetNumChans
8028EF48:GXSetChanCtrl
80290604:GXSetTevOp
80290A40:GXSetAlphaCompare
80290B04:GXSetTevOrder
80290C60:GXSetNumTevStages
80290C84:GXSetFog
80290FD4:GXSetBlendMode
8029107C:GXSetZMode
802910B0:GXSetZCompLoc
80291F34:GXLoadPosMtxImm
80291FDC:GXSetCurrentMtx
80268750:EXIImm
80268B68:EXISync
80268E68:__EXIProbe
802691B8:EXISelect
802692E8:EXIDeselect
8026994C:EXILock
80269A48:EXIUnlock
80269B48:EXIGetID
804CB7D8:Ecb
802E0D88:TPLBind
800D49BC:evt_sub_get_entername
1,1,3c0d8:evt_dan_handle_map_parts
1,1,3c398:evt_dan_handle_dokans
1,1,3c5ec:evt_dan_handle_doors
1,1,3ca0c:evt_dan_get_door_names
1,1,3ca74:evt_dan_get_exit_door_name_l
1,1,3caac:evt_dan_get_enemy_info
1,1,3cc88:evt_dan_make_spawn_table
1,1,3d190:evt_dan_get_enemy_spawn_pos
1,1,3d38c:evt_dan_decide_key_enemy
1,1,3d438:danCountdownDone
1,1,3d448:evt_dan_start_countdown
1,1,3d478:danCheckKeyInMapBbox
1,1,3d568:danCheckEnemyInMapBbox
1,1,3d694:evt_dan_handle_key_failsafe
1,1,3d7cc:evt_dan_handle_chest_room_dokans_and_doors
1,1,3d878:evt_dan_get_chest_room_item
1,1,3d8e0:evt_dan_boss_room_set_door_name
1,1,3d91c:func_80c839cc
1,1,3d98c:wracktailDispCb
1,1,3db54:evt_dan_set_wracktail_disp_cb
1,1,3db98:func_80c83c48
1,1,3dbe8:screenBlinkDisp
1,1,3de78:evt_dan_screen_blink
1,1,3debc:func_80c83f6c
1,5,1595d0:danMapParts
1,5,159610:danDokanDescs
1,5,159710:danMapDoorDescs
1,5,159750:danFlipsideLockItems
1,5,159758:danFlopsideLockItems
1,5,159760:dan_lock_interact_evt
1,5,159838:dan_lock_open_evt
1,5,159870:dan_enemy_room_init_evt
1,5,159c38:danChestRoomDokanDesc
1,5,159c58:danChestRoomMapDoorDescs
1,5,159c98:dan_exit_pipe_sign_interact_evt
1,5,159cd0:dan_chest_open_evt
1,5,159e08:rotenShopItems
1,5,159f20:rotenShopDef
1,5,159f38:rotenTribeAnimDefs
1,5,159f78:dan_chest_room_init_evt
1,5,15a7c0:dan_30_map_door_desc
1,5,15a7e0:dan_30_dokan_desc
1,5,15a800:dan_70_dokan_desc
1,5,15a820:dan_30_init_evt
1,5,15aa50:dan_70_init_evt
1,5,15ac80:dashellTribeAnimDefs
1,5,15aca8:dan_30_chest_interact_evt
1,5,15adc0:dan_30_chest_open_evt
1,5,15b9c8:wracktailTribeAnimDefs
1,5,15ba10:dan_wracktail_main_evt
1,5,15cef8:dan_start_wracktail_evt
1,5,15cfd8:dan_70_mario_chest_open_evt
1,5,15d060:dan_70_dark_mario_chest_open_evt
1,5,15d0e8:dan_70_peach_chest_open_evt
1,5,15d170:dan_70_dark_peach_chest_open_evt
1,5,15d1f8:dan_70_bowser_chest_open_evt
1,5,15d280:dan_70_dark_bowser_chest_open_evt
1,5,15d308:dan_70_luigi_chest_open_evt
1,5,15d390:dan_70_dark_luigi_chest_open_evt
1,5,15d418:dan_shadoo_main_evt
1,5,15dc60:dan_shadoo_fight_evt
1,5,15e2a0:dan_shadoo_defeat_evt
1,5,15e3a4:dan_70_reward_appear_evt
1,5,15ef20:dan_start_shadoo_evt
1,5,d1958:sammerDefsCh6
1,5,d1e08:sammerDefsEndgame

// new to v9
80142930:marioChgMot
800677F0:fadeSetMapChangeTransition
8023B210:spsndCheckBgmPlaying

// new to rld3 v1
8025C814:strcat
80296220:IOS_Read
80296748:IOS_Ioctl
8029376C:MEMAllocFromExpHeapEx
80273AA8:__OSReboot
8026F1F8:Run
80542470:SaveStart
80542474:SaveEnd
